C:\Users\123\spring-projects\sfg-dental-clinic>mvn release:prepare
[INFO] Scanning for projects...
[INFO] ------------------------------------------------------------------------
[INFO] Reactor Build Order:
[INFO]
[INFO] sfg-dental-clinic                                                  [pom]
[INFO] dental-clinic-data                                                 [jar]
[INFO] dental-clinic-web                                                  [jar]
[INFO]
[INFO] -------------------< com.stpunk47:sfg-dental-clinic >-------------------
[INFO] Building sfg-dental-clinic 0.0.2-SNAPSHOT                          [1/3]
[INFO] --------------------------------[ pom ]---------------------------------
[INFO]
[INFO] --- maven-release-plugin:2.2.2:prepare (default-cli) @ sfg-dental-clinic ---
[INFO] Release preparation already completed. You can now continue with release:perform, or start again using the -Dresume=false flag
[INFO] ------------------------------------------------------------------------
[INFO] Reactor Summary for sfg-dental-clinic 0.0.2-SNAPSHOT:
[INFO]
[INFO] sfg-dental-clinic .................................. SUCCESS [  1.188 s]
[INFO] dental-clinic-data ................................. SKIPPED
[INFO] dental-clinic-web .................................. SKIPPED
[INFO] ------------------------------------------------------------------------
[INFO] BUILD SUCCESS
[INFO] ------------------------------------------------------------------------
[INFO] Total time:  2.044 s
[INFO] Finished at: 2020-03-30T00:14:56+03:00
[INFO] ------------------------------------------------------------------------

C:\Users\123\spring-projects\sfg-dental-clinic>mvn release:perform
[INFO] Scanning for projects...
[INFO] ------------------------------------------------------------------------
[INFO] Reactor Build Order:
[INFO]
[INFO] sfg-dental-clinic                                                  [pom]
[INFO] dental-clinic-data                                                 [jar]
[INFO] dental-clinic-web                                                  [jar]
[INFO]
[INFO] -------------------< com.stpunk47:sfg-dental-clinic >-------------------
[INFO] Building sfg-dental-clinic 0.0.2-SNAPSHOT                          [1/3]
[INFO] --------------------------------[ pom ]---------------------------------
[INFO]
[INFO] --- maven-release-plugin:2.2.2:perform (default-cli) @ sfg-dental-clinic ---
[INFO] Checking out the project to perform the release ...
[INFO] Executing: cmd.exe /X /C "git clone git@github.com:volskyi-dmytro/sfg-dental-clinic.git C:\Users\123\spring-projects\sfg-dental-clinic\target\checkout"

[INFO] Working directory: C:\Users\123\spring-projects\sfg-dental-clinic\target
[INFO] Executing: cmd.exe /X /C "git ls-remote git@github.com:volskyi-dmytro/sfg-dental-clinic.git"
[INFO] Working directory: C:\Users\123\AppData\Local\Temp
[INFO] Executing: cmd.exe /X /C "git fetch git@github.com:volskyi-dmytro/sfg-dental-clinic.git"
[INFO] Working directory: C:\Users\123\spring-projects\sfg-dental-clinic\target\checkout
[INFO] Executing: cmd.exe /X /C "git checkout sfg-dental-clinic-0.0.1"
[INFO] Working directory: C:\Users\123\spring-projects\sfg-dental-clinic\target\checkout
[INFO] Executing: cmd.exe /X /C "git ls-files"
[INFO] Working directory: C:\Users\123\spring-projects\sfg-dental-clinic\target\checkout
[INFO] Invoking perform goals in directory C:\Users\123\spring-projects\sfg-dental-clinic\target\checkout
[INFO] Executing goals 'install'...
[WARNING] Maven will be executed in interactive mode, but no input stream has been configured for this MavenInvoker instance.
[INFO] [INFO] Scanning for projects...
[INFO] [INFO] ------------------------------------------------------------------------
[INFO] [INFO] Reactor Build Order:
[INFO] [INFO]
[INFO] [INFO] sfg-dental-clinic                                                  [pom]
[INFO] [INFO] dental-clinic-data                                                 [jar]
[INFO] [INFO] dental-clinic-web                                                  [jar]
[INFO] [INFO]
[INFO] [INFO] -------------------< com.stpunk47:sfg-dental-clinic >-------------------
[INFO] [INFO] Building sfg-dental-clinic 0.0.1-SNAPSHOT                          [1/3]
[INFO] [INFO] --------------------------------[ pom ]---------------------------------
[INFO] [INFO]
[INFO] [INFO] --- maven-source-plugin:3.1.0:jar-no-fork (attach-sources) @ sfg-dental-clinic ---
[INFO] [INFO]
[INFO] [INFO] --- maven-javadoc-plugin:3.1.1:jar (attach-javadocs) @ sfg-dental-clinic ---
[INFO] [INFO] Not executing Javadoc as the project is not a Java classpath-capable package
[INFO] [INFO]
[INFO] [INFO] --- maven-install-plugin:2.5.2:install (default-install) @ sfg-dental-clinic ---
[INFO] [INFO] Installing C:\Users\123\spring-projects\sfg-dental-clinic\target\checkout\pom.xml to C:\Users\123\.m2\repository\com\stpunk47\sfg-dental-clinic\
0.0.1-SNAPSHOT\sfg-dental-clinic-0.0.1-SNAPSHOT.pom
[INFO] [INFO]
[INFO] [INFO] ------------------< com.stpunk47:dental-clinic-data >-------------------
[INFO] [INFO] Building dental-clinic-data 0.0.1-SNAPSHOT                         [2/3]
[INFO] [INFO] --------------------------------[ jar ]---------------------------------
[INFO] [INFO]
[INFO] [INFO] --- maven-resources-plugin:3.1.0:resources (default-resources) @ dental-clinic-data ---
[INFO] [INFO] Using 'UTF-8' encoding to copy filtered resources.
[INFO] [INFO] skip non existing resourceDirectory C:\Users\123\spring-projects\sfg-dental-clinic\target\checkout\dental-clinic-data\src\main\resources
[INFO] [INFO] skip non existing resourceDirectory C:\Users\123\spring-projects\sfg-dental-clinic\target\checkout\dental-clinic-data\src\main\resources
[INFO] [INFO]
[INFO] [INFO] --- maven-compiler-plugin:3.8.1:compile (default-compile) @ dental-clinic-data ---
[INFO] [INFO] Changes detected - recompiling the module!
[INFO] [INFO] Compiling 5 source files to C:\Users\123\spring-projects\sfg-dental-clinic\target\checkout\dental-clinic-data\target\classes
[INFO] [INFO]
[INFO] [INFO] --- maven-resources-plugin:3.1.0:testResources (default-testResources) @ dental-clinic-data ---
[INFO] [INFO] Using 'UTF-8' encoding to copy filtered resources.
[INFO] [INFO] skip non existing resourceDirectory C:\Users\123\spring-projects\sfg-dental-clinic\target\checkout\dental-clinic-data\src\test\resources
[INFO] [INFO]
[INFO] [INFO] --- maven-compiler-plugin:3.8.1:testCompile (default-testCompile) @ dental-clinic-data ---
[INFO] [INFO] No sources to compile
[INFO] [INFO]
[INFO] [INFO] --- maven-surefire-plugin:2.22.2:test (default-test) @ dental-clinic-data ---
[INFO] [INFO] No tests to run.
[INFO] [INFO]
[INFO] [INFO] --- maven-jar-plugin:3.1.2:jar (default-jar) @ dental-clinic-data ---
[INFO] [INFO] Building jar: C:\Users\123\spring-projects\sfg-dental-clinic\target\checkout\dental-clinic-data\target\dental-clinic-data-0.0.1-SNAPSHOT.jar
[INFO] [INFO]
[INFO] [INFO] --- maven-source-plugin:3.1.0:jar-no-fork (attach-sources) @ dental-clinic-data ---
[INFO] [INFO] Building jar: C:\Users\123\spring-projects\sfg-dental-clinic\target\checkout\dental-clinic-data\target\dental-clinic-data-0.0.1-SNAPSHOT-sources
.jar
[INFO] [INFO]
[INFO] [INFO] --- maven-javadoc-plugin:3.1.1:jar (attach-javadocs) @ dental-clinic-data ---
[INFO] [INFO]
[INFO] Loading source files for package com.stpunk47.sfgdentalclinic.model...
[INFO] Constructing Javadoc information...
[INFO] Standard Doclet version 11.0.1
[INFO] Building tree for all the packages and classes...
[INFO] Generating C:\Users\123\spring-projects\sfg-dental-clinic\target\checkout\dental-clinic-data\target\apidocs\com\stpunk47\sfgdentalclinic\model\Company.
html...
[INFO] Generating C:\Users\123\spring-projects\sfg-dental-clinic\target\checkout\dental-clinic-data\target\apidocs\com\stpunk47\sfgdentalclinic\model\Dentist.
html...
[INFO] Generating C:\Users\123\spring-projects\sfg-dental-clinic\target\checkout\dental-clinic-data\target\apidocs\com\stpunk47\sfgdentalclinic\model\Departme
nt.html...
[INFO] Generating C:\Users\123\spring-projects\sfg-dental-clinic\target\checkout\dental-clinic-data\target\apidocs\com\stpunk47\sfgdentalclinic\model\Person.h
tml...
[INFO] Generating C:\Users\123\spring-projects\sfg-dental-clinic\target\checkout\dental-clinic-data\target\apidocs\com\stpunk47\sfgdentalclinic\model\Worker.h
tml...
[INFO] Generating C:\Users\123\spring-projects\sfg-dental-clinic\target\checkout\dental-clinic-data\target\apidocs\com\stpunk47\sfgdentalclinic\model\package-
summary.html...
[INFO] Generating C:\Users\123\spring-projects\sfg-dental-clinic\target\checkout\dental-clinic-data\target\apidocs\com\stpunk47\sfgdentalclinic\model\package-
tree.html...
[INFO] Generating C:\Users\123\spring-projects\sfg-dental-clinic\target\checkout\dental-clinic-data\target\apidocs\constant-values.html...
[INFO] Generating C:\Users\123\spring-projects\sfg-dental-clinic\target\checkout\dental-clinic-data\target\apidocs\com\stpunk47\sfgdentalclinic\model\class-us
e\Company.html...
[INFO] Generating C:\Users\123\spring-projects\sfg-dental-clinic\target\checkout\dental-clinic-data\target\apidocs\com\stpunk47\sfgdentalclinic\model\class-us
e\Dentist.html...
[INFO] Generating C:\Users\123\spring-projects\sfg-dental-clinic\target\checkout\dental-clinic-data\target\apidocs\com\stpunk47\sfgdentalclinic\model\class-us
e\Department.html...
[INFO] Generating C:\Users\123\spring-projects\sfg-dental-clinic\target\checkout\dental-clinic-data\target\apidocs\com\stpunk47\sfgdentalclinic\model\class-us
e\Person.html...
[INFO] Generating C:\Users\123\spring-projects\sfg-dental-clinic\target\checkout\dental-clinic-data\target\apidocs\com\stpunk47\sfgdentalclinic\model\class-us
e\Worker.html...
[INFO] Generating C:\Users\123\spring-projects\sfg-dental-clinic\target\checkout\dental-clinic-data\target\apidocs\com\stpunk47\sfgdentalclinic\model\package-
use.html...
[INFO] Building index for all the packages and classes...
[INFO] Generating C:\Users\123\spring-projects\sfg-dental-clinic\target\checkout\dental-clinic-data\target\apidocs\overview-tree.html...
[INFO] Generating C:\Users\123\spring-projects\sfg-dental-clinic\target\checkout\dental-clinic-data\target\apidocs\index-all.html...
[INFO] Building index for all classes...
[INFO] Generating C:\Users\123\spring-projects\sfg-dental-clinic\target\checkout\dental-clinic-data\target\apidocs\allclasses-index.html...
[INFO] Generating C:\Users\123\spring-projects\sfg-dental-clinic\target\checkout\dental-clinic-data\target\apidocs\allpackages-index.html...
[INFO] Generating C:\Users\123\spring-projects\sfg-dental-clinic\target\checkout\dental-clinic-data\target\apidocs\deprecated-list.html...
[INFO] Building index for all classes...
[INFO] Generating C:\Users\123\spring-projects\sfg-dental-clinic\target\checkout\dental-clinic-data\target\apidocs\allclasses.html...
[INFO] Generating C:\Users\123\spring-projects\sfg-dental-clinic\target\checkout\dental-clinic-data\target\apidocs\allclasses.html...
[INFO] Generating C:\Users\123\spring-projects\sfg-dental-clinic\target\checkout\dental-clinic-data\target\apidocs\index.html...
[INFO] Generating C:\Users\123\spring-projects\sfg-dental-clinic\target\checkout\dental-clinic-data\target\apidocs\help-doc.html...
[INFO] [INFO] Building jar: C:\Users\123\spring-projects\sfg-dental-clinic\target\checkout\dental-clinic-data\target\dental-clinic-data-0.0.1-SNAPSHOT-javadoc
.jar
[INFO] [INFO]
[INFO] [INFO] --- maven-install-plugin:2.5.2:install (default-install) @ dental-clinic-data ---
[INFO] [INFO] Installing C:\Users\123\spring-projects\sfg-dental-clinic\target\checkout\dental-clinic-data\target\dental-clinic-data-0.0.1-SNAPSHOT.jar to C:\
Users\123\.m2\repository\com\stpunk47\dental-clinic-data\0.0.1-SNAPSHOT\dental-clinic-data-0.0.1-SNAPSHOT.jar
[INFO] [INFO] Installing C:\Users\123\spring-projects\sfg-dental-clinic\target\checkout\dental-clinic-data\pom.xml to C:\Users\123\.m2\repository\com\stpunk47
\dental-clinic-data\0.0.1-SNAPSHOT\dental-clinic-data-0.0.1-SNAPSHOT.pom
[INFO] [INFO] Installing C:\Users\123\spring-projects\sfg-dental-clinic\target\checkout\dental-clinic-data\target\dental-clinic-data-0.0.1-SNAPSHOT-sources.ja
r to C:\Users\123\.m2\repository\com\stpunk47\dental-clinic-data\0.0.1-SNAPSHOT\dental-clinic-data-0.0.1-SNAPSHOT-sources.jar
[INFO] [INFO] Installing C:\Users\123\spring-projects\sfg-dental-clinic\target\checkout\dental-clinic-data\target\dental-clinic-data-0.0.1-SNAPSHOT-javadoc.ja
r to C:\Users\123\.m2\repository\com\stpunk47\dental-clinic-data\0.0.1-SNAPSHOT\dental-clinic-data-0.0.1-SNAPSHOT-javadoc.jar
[INFO] [INFO]
[INFO] [INFO] -------------------< com.stpunk47:dental-clinic-web >-------------------
[INFO] [INFO] Building dental-clinic-web 0.0.1-SNAPSHOT                          [3/3]
[INFO] [INFO] --------------------------------[ jar ]---------------------------------
[INFO] [INFO]
[INFO] [INFO] --- maven-resources-plugin:3.1.0:resources (default-resources) @ dental-clinic-web ---
[INFO] [INFO] Using 'UTF-8' encoding to copy filtered resources.
[INFO] [INFO] Copying 1 resource
[INFO] [INFO] Copying 0 resource
[INFO] [INFO]
[INFO] [INFO] --- maven-compiler-plugin:3.8.1:compile (default-compile) @ dental-clinic-web ---
[INFO] [INFO] Changes detected - recompiling the module!
[INFO] [INFO] Compiling 1 source file to C:\Users\123\spring-projects\sfg-dental-clinic\target\checkout\dental-clinic-web\target\classes
[INFO] [INFO]
[INFO] [INFO] --- maven-resources-plugin:3.1.0:testResources (default-testResources) @ dental-clinic-web ---
[INFO] [INFO] Using 'UTF-8' encoding to copy filtered resources.
[INFO] [INFO] skip non existing resourceDirectory C:\Users\123\spring-projects\sfg-dental-clinic\target\checkout\dental-clinic-web\src\test\resources
[INFO] [INFO]
[INFO] [INFO] --- maven-compiler-plugin:3.8.1:testCompile (default-testCompile) @ dental-clinic-web ---
[INFO] [INFO] Changes detected - recompiling the module!
[INFO] [INFO] Compiling 1 source file to C:\Users\123\spring-projects\sfg-dental-clinic\target\checkout\dental-clinic-web\target\test-classes
[INFO] [INFO]
[INFO] [INFO] --- maven-surefire-plugin:2.22.2:test (default-test) @ dental-clinic-web ---
[INFO] [INFO]
[INFO] [INFO] -------------------------------------------------------
[INFO] [INFO]  T E S T S
[INFO] [INFO] -------------------------------------------------------
[INFO] [INFO] Running sfgdentalclinic.SfgDentalClinicApplicationTests
[INFO] 00:15:37.711 [main] DEBUG org.springframework.test.context.BootstrapUtils - Instantiating CacheAwareContextLoaderDelegate from class [org.springframewo
rk.test.context.cache.DefaultCacheAwareContextLoaderDelegate]
[INFO] 00:15:37.733 [main] DEBUG org.springframework.test.context.BootstrapUtils - Instantiating BootstrapContext using constructor [public org.springframewor
k.test.context.support.DefaultBootstrapContext(java.lang.Class,org.springframework.test.context.CacheAwareContextLoaderDelegate)]
[INFO] 00:15:37.795 [main] DEBUG org.springframework.test.context.BootstrapUtils - Instantiating TestContextBootstrapper for test class [sfgdentalclinic.SfgDe
ntalClinicApplicationTests] from class [org.springframework.boot.test.context.SpringBootTestContextBootstrapper]
[INFO] 00:15:37.838 [main] INFO org.springframework.boot.test.context.SpringBootTestContextBootstrapper - Neither @ContextConfiguration nor @ContextHierarchy
found for test class [sfgdentalclinic.SfgDentalClinicApplicationTests], using SpringBootContextLoader
[INFO] 00:15:37.852 [main] DEBUG org.springframework.test.context.support.AbstractContextLoader - Did not detect default resource location for test class [sfg
dentalclinic.SfgDentalClinicApplicationTests]: class path resource [sfgdentalclinic/SfgDentalClinicApplicationTests-context.xml] does not exist
[INFO] 00:15:37.854 [main] DEBUG org.springframework.test.context.support.AbstractContextLoader - Did not detect default resource location for test class [sfg
dentalclinic.SfgDentalClinicApplicationTests]: class path resource [sfgdentalclinic/SfgDentalClinicApplicationTestsContext.groovy] does not exist
[INFO] 00:15:37.855 [main] INFO org.springframework.test.context.support.AbstractContextLoader - Could not detect default resource locations for test class [s
fgdentalclinic.SfgDentalClinicApplicationTests]: no resource found for suffixes {-context.xml, Context.groovy}.
[INFO] 00:15:37.857 [main] INFO org.springframework.test.context.support.AnnotationConfigContextLoaderUtils - Could not detect default configuration classes f
or test class [sfgdentalclinic.SfgDentalClinicApplicationTests]: SfgDentalClinicApplicationTests does not declare any static, non-private, non-final, nested c
lasses annotated with @Configuration.
[INFO] 00:15:37.985 [main] DEBUG org.springframework.test.context.support.ActiveProfilesUtils - Could not find an 'annotation declaring class' for annotation
type [org.springframework.test.context.ActiveProfiles] and class [sfgdentalclinic.SfgDentalClinicApplicationTests]
[INFO] 00:15:38.079 [main] DEBUG org.springframework.test.context.BootstrapUtils - Instantiating CacheAwareContextLoaderDelegate from class [org.springframewo
rk.test.context.cache.DefaultCacheAwareContextLoaderDelegate]
[INFO] 00:15:38.080 [main] DEBUG org.springframework.test.context.BootstrapUtils - Instantiating BootstrapContext using constructor [public org.springframewor
k.test.context.support.DefaultBootstrapContext(java.lang.Class,org.springframework.test.context.CacheAwareContextLoaderDelegate)]
[INFO] 00:15:38.081 [main] DEBUG org.springframework.test.context.BootstrapUtils - Instantiating TestContextBootstrapper for test class [sfgdentalclinic.SfgDe
ntalClinicApplicationTests] from class [org.springframework.boot.test.context.SpringBootTestContextBootstrapper]
[INFO] 00:15:38.082 [main] INFO org.springframework.boot.test.context.SpringBootTestContextBootstrapper - Neither @ContextConfiguration nor @ContextHierarchy
found for test class [sfgdentalclinic.SfgDentalClinicApplicationTests], using SpringBootContextLoader
[INFO] 00:15:38.084 [main] DEBUG org.springframework.test.context.support.AbstractContextLoader - Did not detect default resource location for test class [sfg
dentalclinic.SfgDentalClinicApplicationTests]: class path resource [sfgdentalclinic/SfgDentalClinicApplicationTests-context.xml] does not exist
[INFO] 00:15:38.085 [main] DEBUG org.springframework.test.context.support.AbstractContextLoader - Did not detect default resource location for test class [sfg
dentalclinic.SfgDentalClinicApplicationTests]: class path resource [sfgdentalclinic/SfgDentalClinicApplicationTestsContext.groovy] does not exist
[INFO] 00:15:38.086 [main] INFO org.springframework.test.context.support.AbstractContextLoader - Could not detect default resource locations for test class [s
fgdentalclinic.SfgDentalClinicApplicationTests]: no resource found for suffixes {-context.xml, Context.groovy}.
[INFO] 00:15:38.086 [main] INFO org.springframework.test.context.support.AnnotationConfigContextLoaderUtils - Could not detect default configuration classes f
or test class [sfgdentalclinic.SfgDentalClinicApplicationTests]: SfgDentalClinicApplicationTests does not declare any static, non-private, non-final, nested c
lasses annotated with @Configuration.
[INFO] 00:15:38.089 [main] DEBUG org.springframework.test.context.support.ActiveProfilesUtils - Could not find an 'annotation declaring class' for annotation
type [org.springframework.test.context.ActiveProfiles] and class [sfgdentalclinic.SfgDentalClinicApplicationTests]
[INFO] 00:15:38.097 [main] DEBUG org.springframework.test.context.BootstrapUtils - Instantiating CacheAwareContextLoaderDelegate from class [org.springframewo
rk.test.context.cache.DefaultCacheAwareContextLoaderDelegate]
[INFO] 00:15:38.098 [main] DEBUG org.springframework.test.context.BootstrapUtils - Instantiating BootstrapContext using constructor [public org.springframewor
k.test.context.support.DefaultBootstrapContext(java.lang.Class,org.springframework.test.context.CacheAwareContextLoaderDelegate)]
[INFO] 00:15:38.099 [main] DEBUG org.springframework.test.context.BootstrapUtils - Instantiating TestContextBootstrapper for test class [sfgdentalclinic.SfgDe
ntalClinicApplicationTests] from class [org.springframework.boot.test.context.SpringBootTestContextBootstrapper]
[INFO] 00:15:38.101 [main] INFO org.springframework.boot.test.context.SpringBootTestContextBootstrapper - Neither @ContextConfiguration nor @ContextHierarchy
found for test class [sfgdentalclinic.SfgDentalClinicApplicationTests], using SpringBootContextLoader
[INFO] 00:15:38.102 [main] DEBUG org.springframework.test.context.support.AbstractContextLoader - Did not detect default resource location for test class [sfg
dentalclinic.SfgDentalClinicApplicationTests]: class path resource [sfgdentalclinic/SfgDentalClinicApplicationTests-context.xml] does not exist
[INFO] 00:15:38.103 [main] DEBUG org.springframework.test.context.support.AbstractContextLoader - Did not detect default resource location for test class [sfg
dentalclinic.SfgDentalClinicApplicationTests]: class path resource [sfgdentalclinic/SfgDentalClinicApplicationTestsContext.groovy] does not exist
[INFO] 00:15:38.103 [main] INFO org.springframework.test.context.support.AbstractContextLoader - Could not detect default resource locations for test class [s
fgdentalclinic.SfgDentalClinicApplicationTests]: no resource found for suffixes {-context.xml, Context.groovy}.
[INFO] 00:15:38.104 [main] INFO org.springframework.test.context.support.AnnotationConfigContextLoaderUtils - Could not detect default configuration classes f
or test class [sfgdentalclinic.SfgDentalClinicApplicationTests]: SfgDentalClinicApplicationTests does not declare any static, non-private, non-final, nested c
lasses annotated with @Configuration.
[INFO] 00:15:38.107 [main] DEBUG org.springframework.test.context.support.ActiveProfilesUtils - Could not find an 'annotation declaring class' for annotation
type [org.springframework.test.context.ActiveProfiles] and class [sfgdentalclinic.SfgDentalClinicApplicationTests]
[INFO] [ERROR] Tests run: 1, Failures: 0, Errors: 1, Skipped: 0, Time elapsed: 0.549 s <<< FAILURE! - in sfgdentalclinic.SfgDentalClinicApplicationTests
[INFO] [ERROR] sfgdentalclinic.SfgDentalClinicApplicationTests  Time elapsed: 0.546 s  <<< ERROR!
[INFO] java.lang.IllegalStateException: Unable to find a @SpringBootConfiguration, you need to use @ContextConfiguration or @SpringBootTest(classes=...) with
your test
[INFO]
[INFO] [INFO]
[INFO] [INFO] Results:
[INFO] [INFO]
[INFO] [ERROR] Errors:
[INFO] [ERROR]   SfgDentalClinicApplicationTests ? IllegalState Unable to find a @SpringBootCon...
[INFO] [INFO]
[INFO] [ERROR] Tests run: 1, Failures: 0, Errors: 1, Skipped: 0
[INFO] [INFO]
[INFO] [INFO] ------------------------------------------------------------------------
[INFO] [INFO] Reactor Summary for sfg-dental-clinic 0.0.1-SNAPSHOT:
[INFO] [INFO]
[INFO] [INFO] sfg-dental-clinic .................................. SUCCESS [  2.981 s]
[INFO] [INFO] dental-clinic-data ................................. SUCCESS [  8.490 s]
[INFO] [INFO] dental-clinic-web .................................. FAILURE [  5.728 s]
[INFO] [INFO] ------------------------------------------------------------------------
[INFO] [INFO] BUILD FAILURE
[INFO] [INFO] ------------------------------------------------------------------------
[INFO] [INFO] Total time:  17.751 s
[INFO] [INFO] Finished at: 2020-03-30T00:15:38+03:00
[INFO] [INFO] ------------------------------------------------------------------------
[INFO] [ERROR] Failed to execute goal org.apache.maven.plugins:maven-surefire-plugin:2.22.2:test (default-test) on project dental-clinic-web: There are test f
ailures.
[INFO] [ERROR]
[INFO] [ERROR] Please refer to C:\Users\123\spring-projects\sfg-dental-clinic\target\checkout\dental-clinic-web\target\surefire-reports for the individual tes
t results.
[INFO] [ERROR] Please refer to dump files (if any exist) [date].dump, [date]-jvmRun[N].dump and [date].dumpstream.
[INFO] [ERROR] -> [Help 1]
[INFO] [ERROR]
[INFO] [ERROR] To see the full stack trace of the errors, re-run Maven with the -e switch.
[INFO] [ERROR] Re-run Maven using the -X switch to enable full debug logging.
[INFO] [ERROR]
[INFO] [ERROR] For more information about the errors and possible solutions, please read the following articles:
[INFO] [ERROR] [Help 1] http://cwiki.apache.org/confluence/display/MAVEN/MojoFailureException
[INFO] [ERROR]
[INFO] [ERROR] After correcting the problems, you can resume the build with the command
[INFO] [ERROR]   mvn <args> -rf :dental-clinic-web
[INFO] ------------------------------------------------------------------------
[INFO] Reactor Summary for sfg-dental-clinic 0.0.2-SNAPSHOT:
[INFO]
[INFO] sfg-dental-clinic .................................. FAILURE [ 30.098 s]
[INFO] dental-clinic-data ................................. SKIPPED
[INFO] dental-clinic-web .................................. SKIPPED
[INFO] ------------------------------------------------------------------------
[INFO] BUILD FAILURE
[INFO] ------------------------------------------------------------------------
[INFO] Total time:  30.928 s
[INFO] Finished at: 2020-03-30T00:15:38+03:00
[INFO] ------------------------------------------------------------------------
[ERROR] Failed to execute goal org.apache.maven.plugins:maven-release-plugin:2.2.2:perform (default-cli) on project sfg-dental-clinic: Maven execution failed,
 exit code: '1' -> [Help 1]
[ERROR]
[ERROR] To see the full stack trace of the errors, re-run Maven with the -e switch.
[ERROR] Re-run Maven using the -X switch to enable full debug logging.
[ERROR]
[ERROR] For more information about the errors and possible solutions, please read the following articles:
[ERROR] [Help 1] http://cwiki.apache.org/confluence/display/MAVEN/MojoExecutionException

C:\Users\123\spring-projects\sfg-dental-clinic>mvn release:prepare
[INFO] Scanning for projects...
[INFO] ------------------------------------------------------------------------
[INFO] Reactor Build Order:
[INFO]
[INFO] sfg-dental-clinic                                                  [pom]
[INFO] dental-clinic-data                                                 [jar]
[INFO] dental-clinic-web                                                  [jar]
[INFO]
[INFO] -------------------< com.stpunk47:sfg-dental-clinic >-------------------
[INFO] Building sfg-dental-clinic 0.0.2-SNAPSHOT                          [1/3]
[INFO] --------------------------------[ pom ]---------------------------------
[INFO]
[INFO] --- maven-release-plugin:2.2.2:prepare (default-cli) @ sfg-dental-clinic ---
[INFO] Release preparation already completed. You can now continue with release:perform, or start again using the -Dresume=false flag
[INFO] ------------------------------------------------------------------------
[INFO] Reactor Summary for sfg-dental-clinic 0.0.2-SNAPSHOT:
[INFO]
[INFO] sfg-dental-clinic .................................. SUCCESS [  1.150 s]
[INFO] dental-clinic-data ................................. SKIPPED
[INFO] dental-clinic-web .................................. SKIPPED
[INFO] ------------------------------------------------------------------------
[INFO] BUILD SUCCESS
[INFO] ------------------------------------------------------------------------
[INFO] Total time:  1.975 s
[INFO] Finished at: 2020-03-30T00:20:12+03:00
[INFO] ------------------------------------------------------------------------

C:\Users\123\spring-projects\sfg-dental-clinic>mvn release:perform
[INFO] Scanning for projects...
[INFO] ------------------------------------------------------------------------
[INFO] Reactor Build Order:
[INFO]
[INFO] sfg-dental-clinic                                                  [pom]
[INFO] dental-clinic-data                                                 [jar]
[INFO] dental-clinic-web                                                  [jar]
[INFO]
[INFO] -------------------< com.stpunk47:sfg-dental-clinic >-------------------
[INFO] Building sfg-dental-clinic 0.0.2-SNAPSHOT                          [1/3]
[INFO] --------------------------------[ pom ]---------------------------------
[INFO]
[INFO] --- maven-release-plugin:2.2.2:perform (default-cli) @ sfg-dental-clinic ---
[INFO] Checking out the project to perform the release ...
[INFO] Executing: cmd.exe /X /C "git clone git@github.com:volskyi-dmytro/sfg-dental-clinic.git C:\Users\123\spring-projects\sfg-dental-clinic\target\checkout"

[INFO] Working directory: C:\Users\123\spring-projects\sfg-dental-clinic\target
[INFO] Executing: cmd.exe /X /C "git ls-remote git@github.com:volskyi-dmytro/sfg-dental-clinic.git"
[INFO] Working directory: C:\Users\123\AppData\Local\Temp
[INFO] Executing: cmd.exe /X /C "git fetch git@github.com:volskyi-dmytro/sfg-dental-clinic.git"
[INFO] Working directory: C:\Users\123\spring-projects\sfg-dental-clinic\target\checkout
[INFO] Executing: cmd.exe /X /C "git checkout sfg-dental-clinic-0.0.1"
[INFO] Working directory: C:\Users\123\spring-projects\sfg-dental-clinic\target\checkout
[INFO] Executing: cmd.exe /X /C "git ls-files"
[INFO] Working directory: C:\Users\123\spring-projects\sfg-dental-clinic\target\checkout
[INFO] Invoking perform goals in directory C:\Users\123\spring-projects\sfg-dental-clinic\target\checkout
[INFO] Executing goals 'install'...
[WARNING] Maven will be executed in interactive mode, but no input stream has been configured for this MavenInvoker instance.
[INFO] [INFO] Scanning for projects...
[INFO] [INFO] ------------------------------------------------------------------------
[INFO] [INFO] Reactor Build Order:
[INFO] [INFO]
[INFO] [INFO] sfg-dental-clinic                                                  [pom]
[INFO] [INFO] dental-clinic-data                                                 [jar]
[INFO] [INFO] dental-clinic-web                                                  [jar]
[INFO] [INFO]
[INFO] [INFO] -------------------< com.stpunk47:sfg-dental-clinic >-------------------
[INFO] [INFO] Building sfg-dental-clinic 0.0.1-SNAPSHOT                          [1/3]
[INFO] [INFO] --------------------------------[ pom ]---------------------------------
[INFO] [INFO]
[INFO] [INFO] --- maven-source-plugin:3.1.0:jar-no-fork (attach-sources) @ sfg-dental-clinic ---
[INFO] [INFO]
[INFO] [INFO] --- maven-javadoc-plugin:3.1.1:jar (attach-javadocs) @ sfg-dental-clinic ---
[INFO] [INFO] Not executing Javadoc as the project is not a Java classpath-capable package
[INFO] [INFO]
[INFO] [INFO] --- maven-install-plugin:2.5.2:install (default-install) @ sfg-dental-clinic ---
[INFO] [INFO] Installing C:\Users\123\spring-projects\sfg-dental-clinic\target\checkout\pom.xml to C:\Users\123\.m2\repository\com\stpunk47\sfg-dental-clinic\
0.0.1-SNAPSHOT\sfg-dental-clinic-0.0.1-SNAPSHOT.pom
[INFO] [INFO]
[INFO] [INFO] ------------------< com.stpunk47:dental-clinic-data >-------------------
[INFO] [INFO] Building dental-clinic-data 0.0.1-SNAPSHOT                         [2/3]
[INFO] [INFO] --------------------------------[ jar ]---------------------------------
[INFO] [INFO]
[INFO] [INFO] --- maven-resources-plugin:3.1.0:resources (default-resources) @ dental-clinic-data ---
[INFO] [INFO] Using 'UTF-8' encoding to copy filtered resources.
[INFO] [INFO] skip non existing resourceDirectory C:\Users\123\spring-projects\sfg-dental-clinic\target\checkout\dental-clinic-data\src\main\resources
[INFO] [INFO] skip non existing resourceDirectory C:\Users\123\spring-projects\sfg-dental-clinic\target\checkout\dental-clinic-data\src\main\resources
[INFO] [INFO]
[INFO] [INFO] --- maven-compiler-plugin:3.8.1:compile (default-compile) @ dental-clinic-data ---
[INFO] [INFO] Changes detected - recompiling the module!
[INFO] [INFO] Compiling 5 source files to C:\Users\123\spring-projects\sfg-dental-clinic\target\checkout\dental-clinic-data\target\classes
[INFO] [INFO]
[INFO] [INFO] --- maven-resources-plugin:3.1.0:testResources (default-testResources) @ dental-clinic-data ---
[INFO] [INFO] Using 'UTF-8' encoding to copy filtered resources.
[INFO] [INFO] skip non existing resourceDirectory C:\Users\123\spring-projects\sfg-dental-clinic\target\checkout\dental-clinic-data\src\test\resources
[INFO] [INFO]
[INFO] [INFO] --- maven-compiler-plugin:3.8.1:testCompile (default-testCompile) @ dental-clinic-data ---
[INFO] [INFO] No sources to compile
[INFO] [INFO]
[INFO] [INFO] --- maven-surefire-plugin:2.22.2:test (default-test) @ dental-clinic-data ---
[INFO] [INFO] No tests to run.
[INFO] [INFO]
[INFO] [INFO] --- maven-jar-plugin:3.1.2:jar (default-jar) @ dental-clinic-data ---
[INFO] [INFO] Building jar: C:\Users\123\spring-projects\sfg-dental-clinic\target\checkout\dental-clinic-data\target\dental-clinic-data-0.0.1-SNAPSHOT.jar
[INFO] [INFO]
[INFO] [INFO] --- maven-source-plugin:3.1.0:jar-no-fork (attach-sources) @ dental-clinic-data ---
[INFO] [INFO] Building jar: C:\Users\123\spring-projects\sfg-dental-clinic\target\checkout\dental-clinic-data\target\dental-clinic-data-0.0.1-SNAPSHOT-sources
.jar
[INFO] [INFO]
[INFO] [INFO] --- maven-javadoc-plugin:3.1.1:jar (attach-javadocs) @ dental-clinic-data ---
[INFO] [INFO]
[INFO] Loading source files for package com.stpunk47.sfgdentalclinic.model...
[INFO] Constructing Javadoc information...
[INFO] Standard Doclet version 11.0.1
[INFO] Building tree for all the packages and classes...
[INFO] Generating C:\Users\123\spring-projects\sfg-dental-clinic\target\checkout\dental-clinic-data\target\apidocs\com\stpunk47\sfgdentalclinic\model\Company.
html...
[INFO] Generating C:\Users\123\spring-projects\sfg-dental-clinic\target\checkout\dental-clinic-data\target\apidocs\com\stpunk47\sfgdentalclinic\model\Dentist.
html...
[INFO] Generating C:\Users\123\spring-projects\sfg-dental-clinic\target\checkout\dental-clinic-data\target\apidocs\com\stpunk47\sfgdentalclinic\model\Departme
nt.html...
[INFO] Generating C:\Users\123\spring-projects\sfg-dental-clinic\target\checkout\dental-clinic-data\target\apidocs\com\stpunk47\sfgdentalclinic\model\Person.h
tml...
[INFO] Generating C:\Users\123\spring-projects\sfg-dental-clinic\target\checkout\dental-clinic-data\target\apidocs\com\stpunk47\sfgdentalclinic\model\Worker.h
tml...
[INFO] Generating C:\Users\123\spring-projects\sfg-dental-clinic\target\checkout\dental-clinic-data\target\apidocs\com\stpunk47\sfgdentalclinic\model\package-
summary.html...
[INFO] Generating C:\Users\123\spring-projects\sfg-dental-clinic\target\checkout\dental-clinic-data\target\apidocs\com\stpunk47\sfgdentalclinic\model\package-
tree.html...
[INFO] Generating C:\Users\123\spring-projects\sfg-dental-clinic\target\checkout\dental-clinic-data\target\apidocs\constant-values.html...
[INFO] Generating C:\Users\123\spring-projects\sfg-dental-clinic\target\checkout\dental-clinic-data\target\apidocs\com\stpunk47\sfgdentalclinic\model\class-us
e\Company.html...
[INFO] Generating C:\Users\123\spring-projects\sfg-dental-clinic\target\checkout\dental-clinic-data\target\apidocs\com\stpunk47\sfgdentalclinic\model\class-us
e\Dentist.html...
[INFO] Generating C:\Users\123\spring-projects\sfg-dental-clinic\target\checkout\dental-clinic-data\target\apidocs\com\stpunk47\sfgdentalclinic\model\class-us
e\Department.html...
[INFO] Generating C:\Users\123\spring-projects\sfg-dental-clinic\target\checkout\dental-clinic-data\target\apidocs\com\stpunk47\sfgdentalclinic\model\class-us
e\Person.html...
[INFO] Generating C:\Users\123\spring-projects\sfg-dental-clinic\target\checkout\dental-clinic-data\target\apidocs\com\stpunk47\sfgdentalclinic\model\class-us
e\Worker.html...
[INFO] Generating C:\Users\123\spring-projects\sfg-dental-clinic\target\checkout\dental-clinic-data\target\apidocs\com\stpunk47\sfgdentalclinic\model\package-
use.html...
[INFO] Building index for all the packages and classes...
[INFO] Generating C:\Users\123\spring-projects\sfg-dental-clinic\target\checkout\dental-clinic-data\target\apidocs\overview-tree.html...
[INFO] Generating C:\Users\123\spring-projects\sfg-dental-clinic\target\checkout\dental-clinic-data\target\apidocs\index-all.html...
[INFO] Building index for all classes...
[INFO] Generating C:\Users\123\spring-projects\sfg-dental-clinic\target\checkout\dental-clinic-data\target\apidocs\allclasses-index.html...
[INFO] Generating C:\Users\123\spring-projects\sfg-dental-clinic\target\checkout\dental-clinic-data\target\apidocs\allpackages-index.html...
[INFO] Generating C:\Users\123\spring-projects\sfg-dental-clinic\target\checkout\dental-clinic-data\target\apidocs\deprecated-list.html...
[INFO] Building index for all classes...
[INFO] Generating C:\Users\123\spring-projects\sfg-dental-clinic\target\checkout\dental-clinic-data\target\apidocs\allclasses.html...
[INFO] Generating C:\Users\123\spring-projects\sfg-dental-clinic\target\checkout\dental-clinic-data\target\apidocs\allclasses.html...
[INFO] Generating C:\Users\123\spring-projects\sfg-dental-clinic\target\checkout\dental-clinic-data\target\apidocs\index.html...
[INFO] Generating C:\Users\123\spring-projects\sfg-dental-clinic\target\checkout\dental-clinic-data\target\apidocs\help-doc.html...
[INFO] [INFO] Building jar: C:\Users\123\spring-projects\sfg-dental-clinic\target\checkout\dental-clinic-data\target\dental-clinic-data-0.0.1-SNAPSHOT-javadoc
.jar
[INFO] [INFO]
[INFO] [INFO] --- maven-install-plugin:2.5.2:install (default-install) @ dental-clinic-data ---
[INFO] [INFO] Installing C:\Users\123\spring-projects\sfg-dental-clinic\target\checkout\dental-clinic-data\target\dental-clinic-data-0.0.1-SNAPSHOT.jar to C:\
Users\123\.m2\repository\com\stpunk47\dental-clinic-data\0.0.1-SNAPSHOT\dental-clinic-data-0.0.1-SNAPSHOT.jar
[INFO] [INFO] Installing C:\Users\123\spring-projects\sfg-dental-clinic\target\checkout\dental-clinic-data\pom.xml to C:\Users\123\.m2\repository\com\stpunk47
\dental-clinic-data\0.0.1-SNAPSHOT\dental-clinic-data-0.0.1-SNAPSHOT.pom
[INFO] [INFO] Installing C:\Users\123\spring-projects\sfg-dental-clinic\target\checkout\dental-clinic-data\target\dental-clinic-data-0.0.1-SNAPSHOT-sources.ja
r to C:\Users\123\.m2\repository\com\stpunk47\dental-clinic-data\0.0.1-SNAPSHOT\dental-clinic-data-0.0.1-SNAPSHOT-sources.jar
[INFO] [INFO] Installing C:\Users\123\spring-projects\sfg-dental-clinic\target\checkout\dental-clinic-data\target\dental-clinic-data-0.0.1-SNAPSHOT-javadoc.ja
r to C:\Users\123\.m2\repository\com\stpunk47\dental-clinic-data\0.0.1-SNAPSHOT\dental-clinic-data-0.0.1-SNAPSHOT-javadoc.jar
[INFO] [INFO]
[INFO] [INFO] -------------------< com.stpunk47:dental-clinic-web >-------------------
[INFO] [INFO] Building dental-clinic-web 0.0.1-SNAPSHOT                          [3/3]
[INFO] [INFO] --------------------------------[ jar ]---------------------------------
[INFO] [INFO]
[INFO] [INFO] --- maven-resources-plugin:3.1.0:resources (default-resources) @ dental-clinic-web ---
[INFO] [INFO] Using 'UTF-8' encoding to copy filtered resources.
[INFO] [INFO] Copying 1 resource
[INFO] [INFO] Copying 0 resource
[INFO] [INFO]
[INFO] [INFO] --- maven-compiler-plugin:3.8.1:compile (default-compile) @ dental-clinic-web ---
[INFO] [INFO] Changes detected - recompiling the module!
[INFO] [INFO] Compiling 1 source file to C:\Users\123\spring-projects\sfg-dental-clinic\target\checkout\dental-clinic-web\target\classes
[INFO] [INFO]
[INFO] [INFO] --- maven-resources-plugin:3.1.0:testResources (default-testResources) @ dental-clinic-web ---
[INFO] [INFO] Using 'UTF-8' encoding to copy filtered resources.
[INFO] [INFO] skip non existing resourceDirectory C:\Users\123\spring-projects\sfg-dental-clinic\target\checkout\dental-clinic-web\src\test\resources
[INFO] [INFO]
[INFO] [INFO] --- maven-compiler-plugin:3.8.1:testCompile (default-testCompile) @ dental-clinic-web ---
[INFO] [INFO] Changes detected - recompiling the module!
[INFO] [INFO] Compiling 1 source file to C:\Users\123\spring-projects\sfg-dental-clinic\target\checkout\dental-clinic-web\target\test-classes
[INFO] [INFO]
[INFO] [INFO] --- maven-surefire-plugin:2.22.2:test (default-test) @ dental-clinic-web ---
[INFO] [INFO]
[INFO] [INFO] -------------------------------------------------------
[INFO] [INFO]  T E S T S
[INFO] [INFO] -------------------------------------------------------
[INFO] [INFO] Running sfgdentalclinic.SfgDentalClinicApplicationTests
[INFO] 00:20:47.055 [main] DEBUG org.springframework.test.context.BootstrapUtils - Instantiating CacheAwareContextLoaderDelegate from class [org.springframewo
rk.test.context.cache.DefaultCacheAwareContextLoaderDelegate]
[INFO] 00:20:47.080 [main] DEBUG org.springframework.test.context.BootstrapUtils - Instantiating BootstrapContext using constructor [public org.springframewor
k.test.context.support.DefaultBootstrapContext(java.lang.Class,org.springframework.test.context.CacheAwareContextLoaderDelegate)]
[INFO] 00:20:47.150 [main] DEBUG org.springframework.test.context.BootstrapUtils - Instantiating TestContextBootstrapper for test class [sfgdentalclinic.SfgDe
ntalClinicApplicationTests] from class [org.springframework.boot.test.context.SpringBootTestContextBootstrapper]
[INFO] 00:20:47.186 [main] INFO org.springframework.boot.test.context.SpringBootTestContextBootstrapper - Neither @ContextConfiguration nor @ContextHierarchy
found for test class [sfgdentalclinic.SfgDentalClinicApplicationTests], using SpringBootContextLoader
[INFO] 00:20:47.199 [main] DEBUG org.springframework.test.context.support.AbstractContextLoader - Did not detect default resource location for test class [sfg
dentalclinic.SfgDentalClinicApplicationTests]: class path resource [sfgdentalclinic/SfgDentalClinicApplicationTests-context.xml] does not exist
[INFO] 00:20:47.200 [main] DEBUG org.springframework.test.context.support.AbstractContextLoader - Did not detect default resource location for test class [sfg
dentalclinic.SfgDentalClinicApplicationTests]: class path resource [sfgdentalclinic/SfgDentalClinicApplicationTestsContext.groovy] does not exist
[INFO] 00:20:47.204 [main] INFO org.springframework.test.context.support.AbstractContextLoader - Could not detect default resource locations for test class [s
fgdentalclinic.SfgDentalClinicApplicationTests]: no resource found for suffixes {-context.xml, Context.groovy}.
[INFO] 00:20:47.209 [main] INFO org.springframework.test.context.support.AnnotationConfigContextLoaderUtils - Could not detect default configuration classes f
or test class [sfgdentalclinic.SfgDentalClinicApplicationTests]: SfgDentalClinicApplicationTests does not declare any static, non-private, non-final, nested c
lasses annotated with @Configuration.
[INFO] 00:20:47.328 [main] DEBUG org.springframework.test.context.support.ActiveProfilesUtils - Could not find an 'annotation declaring class' for annotation
type [org.springframework.test.context.ActiveProfiles] and class [sfgdentalclinic.SfgDentalClinicApplicationTests]
[INFO] 00:20:47.407 [main] DEBUG org.springframework.test.context.BootstrapUtils - Instantiating CacheAwareContextLoaderDelegate from class [org.springframewo
rk.test.context.cache.DefaultCacheAwareContextLoaderDelegate]
[INFO] 00:20:47.408 [main] DEBUG org.springframework.test.context.BootstrapUtils - Instantiating BootstrapContext using constructor [public org.springframewor
k.test.context.support.DefaultBootstrapContext(java.lang.Class,org.springframework.test.context.CacheAwareContextLoaderDelegate)]
[INFO] 00:20:47.410 [main] DEBUG org.springframework.test.context.BootstrapUtils - Instantiating TestContextBootstrapper for test class [sfgdentalclinic.SfgDe
ntalClinicApplicationTests] from class [org.springframework.boot.test.context.SpringBootTestContextBootstrapper]
[INFO] 00:20:47.415 [main] INFO org.springframework.boot.test.context.SpringBootTestContextBootstrapper - Neither @ContextConfiguration nor @ContextHierarchy
found for test class [sfgdentalclinic.SfgDentalClinicApplicationTests], using SpringBootContextLoader
[INFO] 00:20:47.418 [main] DEBUG org.springframework.test.context.support.AbstractContextLoader - Did not detect default resource location for test class [sfg
dentalclinic.SfgDentalClinicApplicationTests]: class path resource [sfgdentalclinic/SfgDentalClinicApplicationTests-context.xml] does not exist
[INFO] 00:20:47.421 [main] DEBUG org.springframework.test.context.support.AbstractContextLoader - Did not detect default resource location for test class [sfg
dentalclinic.SfgDentalClinicApplicationTests]: class path resource [sfgdentalclinic/SfgDentalClinicApplicationTestsContext.groovy] does not exist
[INFO] 00:20:47.423 [main] INFO org.springframework.test.context.support.AbstractContextLoader - Could not detect default resource locations for test class [s
fgdentalclinic.SfgDentalClinicApplicationTests]: no resource found for suffixes {-context.xml, Context.groovy}.
[INFO] 00:20:47.424 [main] INFO org.springframework.test.context.support.AnnotationConfigContextLoaderUtils - Could not detect default configuration classes f
or test class [sfgdentalclinic.SfgDentalClinicApplicationTests]: SfgDentalClinicApplicationTests does not declare any static, non-private, non-final, nested c
lasses annotated with @Configuration.
[INFO] 00:20:47.430 [main] DEBUG org.springframework.test.context.support.ActiveProfilesUtils - Could not find an 'annotation declaring class' for annotation
type [org.springframework.test.context.ActiveProfiles] and class [sfgdentalclinic.SfgDentalClinicApplicationTests]
[INFO] 00:20:47.439 [main] DEBUG org.springframework.test.context.BootstrapUtils - Instantiating CacheAwareContextLoaderDelegate from class [org.springframewo
rk.test.context.cache.DefaultCacheAwareContextLoaderDelegate]
[INFO] 00:20:47.444 [main] DEBUG org.springframework.test.context.BootstrapUtils - Instantiating BootstrapContext using constructor [public org.springframewor
k.test.context.support.DefaultBootstrapContext(java.lang.Class,org.springframework.test.context.CacheAwareContextLoaderDelegate)]
[INFO] 00:20:47.447 [main] DEBUG org.springframework.test.context.BootstrapUtils - Instantiating TestContextBootstrapper for test class [sfgdentalclinic.SfgDe
ntalClinicApplicationTests] from class [org.springframework.boot.test.context.SpringBootTestContextBootstrapper]
[INFO] 00:20:47.452 [main] INFO org.springframework.boot.test.context.SpringBootTestContextBootstrapper - Neither @ContextConfiguration nor @ContextHierarchy
found for test class [sfgdentalclinic.SfgDentalClinicApplicationTests], using SpringBootContextLoader
[INFO] 00:20:47.456 [main] DEBUG org.springframework.test.context.support.AbstractContextLoader - Did not detect default resource location for test class [sfg
dentalclinic.SfgDentalClinicApplicationTests]: class path resource [sfgdentalclinic/SfgDentalClinicApplicationTests-context.xml] does not exist
[INFO] 00:20:47.458 [main] DEBUG org.springframework.test.context.support.AbstractContextLoader - Did not detect default resource location for test class [sfg
dentalclinic.SfgDentalClinicApplicationTests]: class path resource [sfgdentalclinic/SfgDentalClinicApplicationTestsContext.groovy] does not exist
[INFO] 00:20:47.460 [main] INFO org.springframework.test.context.support.AbstractContextLoader - Could not detect default resource locations for test class [s
fgdentalclinic.SfgDentalClinicApplicationTests]: no resource found for suffixes {-context.xml, Context.groovy}.
[INFO] 00:20:47.460 [main] INFO org.springframework.test.context.support.AnnotationConfigContextLoaderUtils - Could not detect default configuration classes f
or test class [sfgdentalclinic.SfgDentalClinicApplicationTests]: SfgDentalClinicApplicationTests does not declare any static, non-private, non-final, nested c
lasses annotated with @Configuration.
[INFO] 00:20:47.469 [main] DEBUG org.springframework.test.context.support.ActiveProfilesUtils - Could not find an 'annotation declaring class' for annotation
type [org.springframework.test.context.ActiveProfiles] and class [sfgdentalclinic.SfgDentalClinicApplicationTests]
[INFO] [ERROR] Tests run: 1, Failures: 0, Errors: 1, Skipped: 0, Time elapsed: 0.563 s <<< FAILURE! - in sfgdentalclinic.SfgDentalClinicApplicationTests
[INFO] [ERROR] sfgdentalclinic.SfgDentalClinicApplicationTests  Time elapsed: 0.561 s  <<< ERROR!
[INFO] java.lang.IllegalStateException: Unable to find a @SpringBootConfiguration, you need to use @ContextConfiguration or @SpringBootTest(classes=...) with
your test
[INFO]
[INFO] [INFO]
[INFO] [INFO] Results:
[INFO] [INFO]
[INFO] [ERROR] Errors:
[INFO] [ERROR]   SfgDentalClinicApplicationTests ? IllegalState Unable to find a @SpringBootCon...
[INFO] [INFO]
[INFO] [ERROR] Tests run: 1, Failures: 0, Errors: 1, Skipped: 0
[INFO] [INFO]
[INFO] [INFO] ------------------------------------------------------------------------
[INFO] [INFO] Reactor Summary for sfg-dental-clinic 0.0.1-SNAPSHOT:
[INFO] [INFO]
[INFO] [INFO] sfg-dental-clinic .................................. SUCCESS [  3.020 s]
[INFO] [INFO] dental-clinic-data ................................. SUCCESS [  8.571 s]
[INFO] [INFO] dental-clinic-web .................................. FAILURE [  5.865 s]
[INFO] [INFO] ------------------------------------------------------------------------
[INFO] [INFO] BUILD FAILURE
[INFO] [INFO] ------------------------------------------------------------------------
[INFO] [INFO] Total time:  18.024 s
[INFO] [INFO] Finished at: 2020-03-30T00:20:47+03:00
[INFO] [INFO] ------------------------------------------------------------------------
[INFO] [ERROR] Failed to execute goal org.apache.maven.plugins:maven-surefire-plugin:2.22.2:test (default-test) on project dental-clinic-web: There are test f
ailures.
[INFO] [ERROR]
[INFO] [ERROR] Please refer to C:\Users\123\spring-projects\sfg-dental-clinic\target\checkout\dental-clinic-web\target\surefire-reports for the individual tes
t results.
[INFO] [ERROR] Please refer to dump files (if any exist) [date].dump, [date]-jvmRun[N].dump and [date].dumpstream.
[INFO] [ERROR] -> [Help 1]
[INFO] [ERROR]
[INFO] [ERROR] To see the full stack trace of the errors, re-run Maven with the -e switch.
[INFO] [ERROR] Re-run Maven using the -X switch to enable full debug logging.
[INFO] [ERROR]
[INFO] [ERROR] For more information about the errors and possible solutions, please read the following articles:
[INFO] [ERROR] [Help 1] http://cwiki.apache.org/confluence/display/MAVEN/MojoFailureException
[INFO] [ERROR]
[INFO] [ERROR] After correcting the problems, you can resume the build with the command
[INFO] [ERROR]   mvn <args> -rf :dental-clinic-web
[INFO] ------------------------------------------------------------------------
[INFO] Reactor Summary for sfg-dental-clinic 0.0.2-SNAPSHOT:
[INFO]
[INFO] sfg-dental-clinic .................................. FAILURE [ 30.140 s]
[INFO] dental-clinic-data ................................. SKIPPED
[INFO] dental-clinic-web .................................. SKIPPED
[INFO] ------------------------------------------------------------------------
[INFO] BUILD FAILURE
[INFO] ------------------------------------------------------------------------
[INFO] Total time:  30.999 s
[INFO] Finished at: 2020-03-30T00:20:48+03:00
[INFO] ------------------------------------------------------------------------
[ERROR] Failed to execute goal org.apache.maven.plugins:maven-release-plugin:2.2.2:perform (default-cli) on project sfg-dental-clinic: Maven execution failed,
 exit code: '1' -> [Help 1]
[ERROR]
[ERROR] To see the full stack trace of the errors, re-run Maven with the -e switch.
[ERROR] Re-run Maven using the -X switch to enable full debug logging.
[ERROR]
[ERROR] For more information about the errors and possible solutions, please read the following articles:
[ERROR] [Help 1] http://cwiki.apache.org/confluence/display/MAVEN/MojoExecutionException

C:\Users\123\spring-projects\sfg-dental-clinic>mvn release:prepare
[INFO] Scanning for projects...
[INFO] ------------------------------------------------------------------------
[INFO] Reactor Build Order:
[INFO]
[INFO] sfg-dental-clinic                                                  [pom]
[INFO] dental-clinic-data                                                 [jar]
[INFO] dental-clinic-web                                                  [jar]
[INFO]
[INFO] -------------------< com.stpunk47:sfg-dental-clinic >-------------------
[INFO] Building sfg-dental-clinic 0.0.2-SNAPSHOT                          [1/3]
[INFO] --------------------------------[ pom ]---------------------------------
[INFO]
[INFO] --- maven-release-plugin:2.2.2:prepare (default-cli) @ sfg-dental-clinic ---
[INFO] Release preparation already completed. You can now continue with release:perform, or start again using the -Dresume=false flag
[INFO] ------------------------------------------------------------------------
[INFO] Reactor Summary for sfg-dental-clinic 0.0.2-SNAPSHOT:
[INFO]
[INFO] sfg-dental-clinic .................................. SUCCESS [  1.224 s]
[INFO] dental-clinic-data ................................. SKIPPED
[INFO] dental-clinic-web .................................. SKIPPED
[INFO] ------------------------------------------------------------------------
[INFO] BUILD SUCCESS
[INFO] ------------------------------------------------------------------------
[INFO] Total time:  2.070 s
[INFO] Finished at: 2020-03-30T00:21:34+03:00
[INFO] ------------------------------------------------------------------------

C:\Users\123\spring-projects\sfg-dental-clinic>mvn release:perform
[INFO] Scanning for projects...
[INFO] ------------------------------------------------------------------------
[INFO] Reactor Build Order:
[INFO]
[INFO] sfg-dental-clinic                                                  [pom]
[INFO] dental-clinic-data                                                 [jar]
[INFO] dental-clinic-web                                                  [jar]
[INFO]
[INFO] -------------------< com.stpunk47:sfg-dental-clinic >-------------------
[INFO] Building sfg-dental-clinic 0.0.2-SNAPSHOT                          [1/3]
[INFO] --------------------------------[ pom ]---------------------------------
[INFO]
[INFO] --- maven-release-plugin:2.2.2:perform (default-cli) @ sfg-dental-clinic ---
[INFO] Checking out the project to perform the release ...
[INFO] Executing: cmd.exe /X /C "git clone git@github.com:volskyi-dmytro/sfg-dental-clinic.git C:\Users\123\spring-projects\sfg-dental-clinic\target\checkout"

[INFO] Working directory: C:\Users\123\spring-projects\sfg-dental-clinic\target
[INFO] Executing: cmd.exe /X /C "git ls-remote git@github.com:volskyi-dmytro/sfg-dental-clinic.git"
[INFO] Working directory: C:\Users\123\AppData\Local\Temp
[INFO] Executing: cmd.exe /X /C "git fetch git@github.com:volskyi-dmytro/sfg-dental-clinic.git"
[INFO] Working directory: C:\Users\123\spring-projects\sfg-dental-clinic\target\checkout
[INFO] Executing: cmd.exe /X /C "git checkout sfg-dental-clinic-0.0.1"
[INFO] Working directory: C:\Users\123\spring-projects\sfg-dental-clinic\target\checkout
[INFO] Executing: cmd.exe /X /C "git ls-files"
[INFO] Working directory: C:\Users\123\spring-projects\sfg-dental-clinic\target\checkout
[INFO] Invoking perform goals in directory C:\Users\123\spring-projects\sfg-dental-clinic\target\checkout
[INFO] Executing goals 'install'...
[WARNING] Maven will be executed in interactive mode, but no input stream has been configured for this MavenInvoker instance.
[INFO] [INFO] Scanning for projects...
[INFO] [INFO] ------------------------------------------------------------------------
[INFO] [INFO] Reactor Build Order:
[INFO] [INFO]
[INFO] [INFO] sfg-dental-clinic                                                  [pom]
[INFO] [INFO] dental-clinic-data                                                 [jar]
[INFO] [INFO] dental-clinic-web                                                  [jar]
[INFO] [INFO]
[INFO] [INFO] -------------------< com.stpunk47:sfg-dental-clinic >-------------------
[INFO] [INFO] Building sfg-dental-clinic 0.0.1-SNAPSHOT                          [1/3]
[INFO] [INFO] --------------------------------[ pom ]---------------------------------
[INFO] [INFO]
[INFO] [INFO] --- maven-source-plugin:3.1.0:jar-no-fork (attach-sources) @ sfg-dental-clinic ---
[INFO] [INFO]
[INFO] [INFO] --- maven-javadoc-plugin:3.1.1:jar (attach-javadocs) @ sfg-dental-clinic ---
[INFO] [INFO] Not executing Javadoc as the project is not a Java classpath-capable package
[INFO] [INFO]
[INFO] [INFO] --- maven-install-plugin:2.5.2:install (default-install) @ sfg-dental-clinic ---
[INFO] [INFO] Installing C:\Users\123\spring-projects\sfg-dental-clinic\target\checkout\pom.xml to C:\Users\123\.m2\repository\com\stpunk47\sfg-dental-clinic\
0.0.1-SNAPSHOT\sfg-dental-clinic-0.0.1-SNAPSHOT.pom
[INFO] [INFO]
[INFO] [INFO] ------------------< com.stpunk47:dental-clinic-data >-------------------
[INFO] [INFO] Building dental-clinic-data 0.0.1-SNAPSHOT                         [2/3]
[INFO] [INFO] --------------------------------[ jar ]---------------------------------
[INFO] [INFO]
[INFO] [INFO] --- maven-resources-plugin:3.1.0:resources (default-resources) @ dental-clinic-data ---
[INFO] [INFO] Using 'UTF-8' encoding to copy filtered resources.
[INFO] [INFO] skip non existing resourceDirectory C:\Users\123\spring-projects\sfg-dental-clinic\target\checkout\dental-clinic-data\src\main\resources
[INFO] [INFO] skip non existing resourceDirectory C:\Users\123\spring-projects\sfg-dental-clinic\target\checkout\dental-clinic-data\src\main\resources
[INFO] [INFO]
[INFO] [INFO] --- maven-compiler-plugin:3.8.1:compile (default-compile) @ dental-clinic-data ---
[INFO] [INFO] Changes detected - recompiling the module!
[INFO] [INFO] Compiling 5 source files to C:\Users\123\spring-projects\sfg-dental-clinic\target\checkout\dental-clinic-data\target\classes
[INFO] [INFO]
[INFO] [INFO] --- maven-resources-plugin:3.1.0:testResources (default-testResources) @ dental-clinic-data ---
[INFO] [INFO] Using 'UTF-8' encoding to copy filtered resources.
[INFO] [INFO] skip non existing resourceDirectory C:\Users\123\spring-projects\sfg-dental-clinic\target\checkout\dental-clinic-data\src\test\resources
[INFO] [INFO]
[INFO] [INFO] --- maven-compiler-plugin:3.8.1:testCompile (default-testCompile) @ dental-clinic-data ---
[INFO] [INFO] No sources to compile
[INFO] [INFO]
[INFO] [INFO] --- maven-surefire-plugin:2.22.2:test (default-test) @ dental-clinic-data ---
[INFO] [INFO] No tests to run.
[INFO] [INFO]
[INFO] [INFO] --- maven-jar-plugin:3.1.2:jar (default-jar) @ dental-clinic-data ---
[INFO] [INFO] Building jar: C:\Users\123\spring-projects\sfg-dental-clinic\target\checkout\dental-clinic-data\target\dental-clinic-data-0.0.1-SNAPSHOT.jar
[INFO] [INFO]
[INFO] [INFO] --- maven-source-plugin:3.1.0:jar-no-fork (attach-sources) @ dental-clinic-data ---
[INFO] [INFO] Building jar: C:\Users\123\spring-projects\sfg-dental-clinic\target\checkout\dental-clinic-data\target\dental-clinic-data-0.0.1-SNAPSHOT-sources
.jar
[INFO] [INFO]
[INFO] [INFO] --- maven-javadoc-plugin:3.1.1:jar (attach-javadocs) @ dental-clinic-data ---
[INFO] [INFO]
[INFO] Loading source files for package com.stpunk47.sfgdentalclinic.model...
[INFO] Constructing Javadoc information...
[INFO] Standard Doclet version 11.0.1
[INFO] Building tree for all the packages and classes...
[INFO] Generating C:\Users\123\spring-projects\sfg-dental-clinic\target\checkout\dental-clinic-data\target\apidocs\com\stpunk47\sfgdentalclinic\model\Company.
html...
[INFO] Generating C:\Users\123\spring-projects\sfg-dental-clinic\target\checkout\dental-clinic-data\target\apidocs\com\stpunk47\sfgdentalclinic\model\Dentist.
html...
[INFO] Generating C:\Users\123\spring-projects\sfg-dental-clinic\target\checkout\dental-clinic-data\target\apidocs\com\stpunk47\sfgdentalclinic\model\Departme
nt.html...
[INFO] Generating C:\Users\123\spring-projects\sfg-dental-clinic\target\checkout\dental-clinic-data\target\apidocs\com\stpunk47\sfgdentalclinic\model\Person.h
tml...
[INFO] Generating C:\Users\123\spring-projects\sfg-dental-clinic\target\checkout\dental-clinic-data\target\apidocs\com\stpunk47\sfgdentalclinic\model\Worker.h
tml...
[INFO] Generating C:\Users\123\spring-projects\sfg-dental-clinic\target\checkout\dental-clinic-data\target\apidocs\com\stpunk47\sfgdentalclinic\model\package-
summary.html...
[INFO] Generating C:\Users\123\spring-projects\sfg-dental-clinic\target\checkout\dental-clinic-data\target\apidocs\com\stpunk47\sfgdentalclinic\model\package-
tree.html...
[INFO] Generating C:\Users\123\spring-projects\sfg-dental-clinic\target\checkout\dental-clinic-data\target\apidocs\constant-values.html...
[INFO] Generating C:\Users\123\spring-projects\sfg-dental-clinic\target\checkout\dental-clinic-data\target\apidocs\com\stpunk47\sfgdentalclinic\model\class-us
e\Company.html...
[INFO] Generating C:\Users\123\spring-projects\sfg-dental-clinic\target\checkout\dental-clinic-data\target\apidocs\com\stpunk47\sfgdentalclinic\model\class-us
e\Dentist.html...
[INFO] Generating C:\Users\123\spring-projects\sfg-dental-clinic\target\checkout\dental-clinic-data\target\apidocs\com\stpunk47\sfgdentalclinic\model\class-us
e\Department.html...
[INFO] Generating C:\Users\123\spring-projects\sfg-dental-clinic\target\checkout\dental-clinic-data\target\apidocs\com\stpunk47\sfgdentalclinic\model\class-us
e\Person.html...
[INFO] Generating C:\Users\123\spring-projects\sfg-dental-clinic\target\checkout\dental-clinic-data\target\apidocs\com\stpunk47\sfgdentalclinic\model\class-us
e\Worker.html...
[INFO] Generating C:\Users\123\spring-projects\sfg-dental-clinic\target\checkout\dental-clinic-data\target\apidocs\com\stpunk47\sfgdentalclinic\model\package-
use.html...
[INFO] Building index for all the packages and classes...
[INFO] Generating C:\Users\123\spring-projects\sfg-dental-clinic\target\checkout\dental-clinic-data\target\apidocs\overview-tree.html...
[INFO] Generating C:\Users\123\spring-projects\sfg-dental-clinic\target\checkout\dental-clinic-data\target\apidocs\index-all.html...
[INFO] Building index for all classes...
[INFO] Generating C:\Users\123\spring-projects\sfg-dental-clinic\target\checkout\dental-clinic-data\target\apidocs\allclasses-index.html...
[INFO] Generating C:\Users\123\spring-projects\sfg-dental-clinic\target\checkout\dental-clinic-data\target\apidocs\allpackages-index.html...
[INFO] Generating C:\Users\123\spring-projects\sfg-dental-clinic\target\checkout\dental-clinic-data\target\apidocs\deprecated-list.html...
[INFO] Building index for all classes...
[INFO] Generating C:\Users\123\spring-projects\sfg-dental-clinic\target\checkout\dental-clinic-data\target\apidocs\allclasses.html...
[INFO] Generating C:\Users\123\spring-projects\sfg-dental-clinic\target\checkout\dental-clinic-data\target\apidocs\allclasses.html...
[INFO] Generating C:\Users\123\spring-projects\sfg-dental-clinic\target\checkout\dental-clinic-data\target\apidocs\index.html...
[INFO] Generating C:\Users\123\spring-projects\sfg-dental-clinic\target\checkout\dental-clinic-data\target\apidocs\help-doc.html...
[INFO] [INFO] Building jar: C:\Users\123\spring-projects\sfg-dental-clinic\target\checkout\dental-clinic-data\target\dental-clinic-data-0.0.1-SNAPSHOT-javadoc
.jar
[INFO] [INFO]
[INFO] [INFO] --- maven-install-plugin:2.5.2:install (default-install) @ dental-clinic-data ---
[INFO] [INFO] Installing C:\Users\123\spring-projects\sfg-dental-clinic\target\checkout\dental-clinic-data\target\dental-clinic-data-0.0.1-SNAPSHOT.jar to C:\
Users\123\.m2\repository\com\stpunk47\dental-clinic-data\0.0.1-SNAPSHOT\dental-clinic-data-0.0.1-SNAPSHOT.jar
[INFO] [INFO] Installing C:\Users\123\spring-projects\sfg-dental-clinic\target\checkout\dental-clinic-data\pom.xml to C:\Users\123\.m2\repository\com\stpunk47
\dental-clinic-data\0.0.1-SNAPSHOT\dental-clinic-data-0.0.1-SNAPSHOT.pom
[INFO] [INFO] Installing C:\Users\123\spring-projects\sfg-dental-clinic\target\checkout\dental-clinic-data\target\dental-clinic-data-0.0.1-SNAPSHOT-sources.ja
r to C:\Users\123\.m2\repository\com\stpunk47\dental-clinic-data\0.0.1-SNAPSHOT\dental-clinic-data-0.0.1-SNAPSHOT-sources.jar
[INFO] [INFO] Installing C:\Users\123\spring-projects\sfg-dental-clinic\target\checkout\dental-clinic-data\target\dental-clinic-data-0.0.1-SNAPSHOT-javadoc.ja
r to C:\Users\123\.m2\repository\com\stpunk47\dental-clinic-data\0.0.1-SNAPSHOT\dental-clinic-data-0.0.1-SNAPSHOT-javadoc.jar
[INFO] [INFO]
[INFO] [INFO] -------------------< com.stpunk47:dental-clinic-web >-------------------
[INFO] [INFO] Building dental-clinic-web 0.0.1-SNAPSHOT                          [3/3]
[INFO] [INFO] --------------------------------[ jar ]---------------------------------
[INFO] [INFO]
[INFO] [INFO] --- maven-resources-plugin:3.1.0:resources (default-resources) @ dental-clinic-web ---
[INFO] [INFO] Using 'UTF-8' encoding to copy filtered resources.
[INFO] [INFO] Copying 1 resource
[INFO] [INFO] Copying 0 resource
[INFO] [INFO]
[INFO] [INFO] --- maven-compiler-plugin:3.8.1:compile (default-compile) @ dental-clinic-web ---
[INFO] [INFO] Changes detected - recompiling the module!
[INFO] [INFO] Compiling 1 source file to C:\Users\123\spring-projects\sfg-dental-clinic\target\checkout\dental-clinic-web\target\classes
[INFO] [INFO]
[INFO] [INFO] --- maven-resources-plugin:3.1.0:testResources (default-testResources) @ dental-clinic-web ---
[INFO] [INFO] Using 'UTF-8' encoding to copy filtered resources.
[INFO] [INFO] skip non existing resourceDirectory C:\Users\123\spring-projects\sfg-dental-clinic\target\checkout\dental-clinic-web\src\test\resources
[INFO] [INFO]
[INFO] [INFO] --- maven-compiler-plugin:3.8.1:testCompile (default-testCompile) @ dental-clinic-web ---
[INFO] [INFO] Changes detected - recompiling the module!
[INFO] [INFO] Compiling 1 source file to C:\Users\123\spring-projects\sfg-dental-clinic\target\checkout\dental-clinic-web\target\test-classes
[INFO] [INFO]
[INFO] [INFO] --- maven-surefire-plugin:2.22.2:test (default-test) @ dental-clinic-web ---
[INFO] [INFO]
[INFO] [INFO] -------------------------------------------------------
[INFO] [INFO]  T E S T S
[INFO] [INFO] -------------------------------------------------------
[INFO] [INFO] Running sfgdentalclinic.SfgDentalClinicApplicationTests
[INFO] 00:22:09.673 [main] DEBUG org.springframework.test.context.BootstrapUtils - Instantiating CacheAwareContextLoaderDelegate from class [org.springframewo
rk.test.context.cache.DefaultCacheAwareContextLoaderDelegate]
[INFO] 00:22:09.697 [main] DEBUG org.springframework.test.context.BootstrapUtils - Instantiating BootstrapContext using constructor [public org.springframewor
k.test.context.support.DefaultBootstrapContext(java.lang.Class,org.springframework.test.context.CacheAwareContextLoaderDelegate)]
[INFO] 00:22:09.752 [main] DEBUG org.springframework.test.context.BootstrapUtils - Instantiating TestContextBootstrapper for test class [sfgdentalclinic.SfgDe
ntalClinicApplicationTests] from class [org.springframework.boot.test.context.SpringBootTestContextBootstrapper]
[INFO] 00:22:09.791 [main] INFO org.springframework.boot.test.context.SpringBootTestContextBootstrapper - Neither @ContextConfiguration nor @ContextHierarchy
found for test class [sfgdentalclinic.SfgDentalClinicApplicationTests], using SpringBootContextLoader
[INFO] 00:22:09.800 [main] DEBUG org.springframework.test.context.support.AbstractContextLoader - Did not detect default resource location for test class [sfg
dentalclinic.SfgDentalClinicApplicationTests]: class path resource [sfgdentalclinic/SfgDentalClinicApplicationTests-context.xml] does not exist
[INFO] 00:22:09.802 [main] DEBUG org.springframework.test.context.support.AbstractContextLoader - Did not detect default resource location for test class [sfg
dentalclinic.SfgDentalClinicApplicationTests]: class path resource [sfgdentalclinic/SfgDentalClinicApplicationTestsContext.groovy] does not exist
[INFO] 00:22:09.804 [main] INFO org.springframework.test.context.support.AbstractContextLoader - Could not detect default resource locations for test class [s
fgdentalclinic.SfgDentalClinicApplicationTests]: no resource found for suffixes {-context.xml, Context.groovy}.
[INFO] 00:22:09.808 [main] INFO org.springframework.test.context.support.AnnotationConfigContextLoaderUtils - Could not detect default configuration classes f
or test class [sfgdentalclinic.SfgDentalClinicApplicationTests]: SfgDentalClinicApplicationTests does not declare any static, non-private, non-final, nested c
lasses annotated with @Configuration.
[INFO] 00:22:09.924 [main] DEBUG org.springframework.test.context.support.ActiveProfilesUtils - Could not find an 'annotation declaring class' for annotation
type [org.springframework.test.context.ActiveProfiles] and class [sfgdentalclinic.SfgDentalClinicApplicationTests]
[INFO] 00:22:10.005 [main] DEBUG org.springframework.test.context.BootstrapUtils - Instantiating CacheAwareContextLoaderDelegate from class [org.springframewo
rk.test.context.cache.DefaultCacheAwareContextLoaderDelegate]
[INFO] 00:22:10.005 [main] DEBUG org.springframework.test.context.BootstrapUtils - Instantiating BootstrapContext using constructor [public org.springframewor
k.test.context.support.DefaultBootstrapContext(java.lang.Class,org.springframework.test.context.CacheAwareContextLoaderDelegate)]
[INFO] 00:22:10.006 [main] DEBUG org.springframework.test.context.BootstrapUtils - Instantiating TestContextBootstrapper for test class [sfgdentalclinic.SfgDe
ntalClinicApplicationTests] from class [org.springframework.boot.test.context.SpringBootTestContextBootstrapper]
[INFO] 00:22:10.007 [main] INFO org.springframework.boot.test.context.SpringBootTestContextBootstrapper - Neither @ContextConfiguration nor @ContextHierarchy
found for test class [sfgdentalclinic.SfgDentalClinicApplicationTests], using SpringBootContextLoader
[INFO] 00:22:10.009 [main] DEBUG org.springframework.test.context.support.AbstractContextLoader - Did not detect default resource location for test class [sfg
dentalclinic.SfgDentalClinicApplicationTests]: class path resource [sfgdentalclinic/SfgDentalClinicApplicationTests-context.xml] does not exist
[INFO] 00:22:10.012 [main] DEBUG org.springframework.test.context.support.AbstractContextLoader - Did not detect default resource location for test class [sfg
dentalclinic.SfgDentalClinicApplicationTests]: class path resource [sfgdentalclinic/SfgDentalClinicApplicationTestsContext.groovy] does not exist
[INFO] 00:22:10.012 [main] INFO org.springframework.test.context.support.AbstractContextLoader - Could not detect default resource locations for test class [s
fgdentalclinic.SfgDentalClinicApplicationTests]: no resource found for suffixes {-context.xml, Context.groovy}.
[INFO] 00:22:10.012 [main] INFO org.springframework.test.context.support.AnnotationConfigContextLoaderUtils - Could not detect default configuration classes f
or test class [sfgdentalclinic.SfgDentalClinicApplicationTests]: SfgDentalClinicApplicationTests does not declare any static, non-private, non-final, nested c
lasses annotated with @Configuration.
[INFO] 00:22:10.017 [main] DEBUG org.springframework.test.context.support.ActiveProfilesUtils - Could not find an 'annotation declaring class' for annotation
type [org.springframework.test.context.ActiveProfiles] and class [sfgdentalclinic.SfgDentalClinicApplicationTests]
[INFO] 00:22:10.029 [main] DEBUG org.springframework.test.context.BootstrapUtils - Instantiating CacheAwareContextLoaderDelegate from class [org.springframewo
rk.test.context.cache.DefaultCacheAwareContextLoaderDelegate]
[INFO] 00:22:10.030 [main] DEBUG org.springframework.test.context.BootstrapUtils - Instantiating BootstrapContext using constructor [public org.springframewor
k.test.context.support.DefaultBootstrapContext(java.lang.Class,org.springframework.test.context.CacheAwareContextLoaderDelegate)]
[INFO] 00:22:10.032 [main] DEBUG org.springframework.test.context.BootstrapUtils - Instantiating TestContextBootstrapper for test class [sfgdentalclinic.SfgDe
ntalClinicApplicationTests] from class [org.springframework.boot.test.context.SpringBootTestContextBootstrapper]
[INFO] 00:22:10.043 [main] INFO org.springframework.boot.test.context.SpringBootTestContextBootstrapper - Neither @ContextConfiguration nor @ContextHierarchy
found for test class [sfgdentalclinic.SfgDentalClinicApplicationTests], using SpringBootContextLoader
[INFO] 00:22:10.045 [main] DEBUG org.springframework.test.context.support.AbstractContextLoader - Did not detect default resource location for test class [sfg
dentalclinic.SfgDentalClinicApplicationTests]: class path resource [sfgdentalclinic/SfgDentalClinicApplicationTests-context.xml] does not exist
[INFO] 00:22:10.048 [main] DEBUG org.springframework.test.context.support.AbstractContextLoader - Did not detect default resource location for test class [sfg
dentalclinic.SfgDentalClinicApplicationTests]: class path resource [sfgdentalclinic/SfgDentalClinicApplicationTestsContext.groovy] does not exist
[INFO] 00:22:10.049 [main] INFO org.springframework.test.context.support.AbstractContextLoader - Could not detect default resource locations for test class [s
fgdentalclinic.SfgDentalClinicApplicationTests]: no resource found for suffixes {-context.xml, Context.groovy}.
[INFO] 00:22:10.049 [main] INFO org.springframework.test.context.support.AnnotationConfigContextLoaderUtils - Could not detect default configuration classes f
or test class [sfgdentalclinic.SfgDentalClinicApplicationTests]: SfgDentalClinicApplicationTests does not declare any static, non-private, non-final, nested c
lasses annotated with @Configuration.
[INFO] 00:22:10.053 [main] DEBUG org.springframework.test.context.support.ActiveProfilesUtils - Could not find an 'annotation declaring class' for annotation
type [org.springframework.test.context.ActiveProfiles] and class [sfgdentalclinic.SfgDentalClinicApplicationTests]
[INFO] [ERROR] Tests run: 1, Failures: 0, Errors: 1, Skipped: 0, Time elapsed: 0.538 s <<< FAILURE! - in sfgdentalclinic.SfgDentalClinicApplicationTests
[INFO] [ERROR] sfgdentalclinic.SfgDentalClinicApplicationTests  Time elapsed: 0.535 s  <<< ERROR!
[INFO] java.lang.IllegalStateException: Unable to find a @SpringBootConfiguration, you need to use @ContextConfiguration or @SpringBootTest(classes=...) with
your test
[INFO]
[INFO] [INFO]
[INFO] [INFO] Results:
[INFO] [INFO]
[INFO] [ERROR] Errors:
[INFO] [ERROR]   SfgDentalClinicApplicationTests ? IllegalState Unable to find a @SpringBootCon...
[INFO] [INFO]
[INFO] [ERROR] Tests run: 1, Failures: 0, Errors: 1, Skipped: 0
[INFO] [INFO]
[INFO] [INFO] ------------------------------------------------------------------------
[INFO] [INFO] Reactor Summary for sfg-dental-clinic 0.0.1-SNAPSHOT:
[INFO] [INFO]
[INFO] [INFO] sfg-dental-clinic .................................. SUCCESS [  3.328 s]
[INFO] [INFO] dental-clinic-data ................................. SUCCESS [  8.386 s]
[INFO] [INFO] dental-clinic-web .................................. FAILURE [  5.512 s]
[INFO] [INFO] ------------------------------------------------------------------------
[INFO] [INFO] BUILD FAILURE
[INFO] [INFO] ------------------------------------------------------------------------
[INFO] [INFO] Total time:  17.908 s
[INFO] [INFO] Finished at: 2020-03-30T00:22:10+03:00
[INFO] [INFO] ------------------------------------------------------------------------
[INFO] [ERROR] Failed to execute goal org.apache.maven.plugins:maven-surefire-plugin:2.22.2:test (default-test) on project dental-clinic-web: There are test f
ailures.
[INFO] [ERROR]
[INFO] [ERROR] Please refer to C:\Users\123\spring-projects\sfg-dental-clinic\target\checkout\dental-clinic-web\target\surefire-reports for the individual tes
t results.
[INFO] [ERROR] Please refer to dump files (if any exist) [date].dump, [date]-jvmRun[N].dump and [date].dumpstream.
[INFO] [ERROR] -> [Help 1]
[INFO] [ERROR]
[INFO] [ERROR] To see the full stack trace of the errors, re-run Maven with the -e switch.
[INFO] [ERROR] Re-run Maven using the -X switch to enable full debug logging.
[INFO] [ERROR]
[INFO] [ERROR] For more information about the errors and possible solutions, please read the following articles:
[INFO] [ERROR] [Help 1] http://cwiki.apache.org/confluence/display/MAVEN/MojoFailureException
[INFO] [ERROR]
[INFO] [ERROR] After correcting the problems, you can resume the build with the command
[INFO] [ERROR]   mvn <args> -rf :dental-clinic-web
[INFO] ------------------------------------------------------------------------
[INFO] Reactor Summary for sfg-dental-clinic 0.0.2-SNAPSHOT:
[INFO]
[INFO] sfg-dental-clinic .................................. FAILURE [ 30.166 s]
[INFO] dental-clinic-data ................................. SKIPPED
[INFO] dental-clinic-web .................................. SKIPPED
[INFO] ------------------------------------------------------------------------
[INFO] BUILD FAILURE
[INFO] ------------------------------------------------------------------------
[INFO] Total time:  30.987 s
[INFO] Finished at: 2020-03-30T00:22:10+03:00
[INFO] ------------------------------------------------------------------------
[ERROR] Failed to execute goal org.apache.maven.plugins:maven-release-plugin:2.2.2:perform (default-cli) on project sfg-dental-clinic: Maven execution failed,
 exit code: '1' -> [Help 1]
[ERROR]
[ERROR] To see the full stack trace of the errors, re-run Maven with the -e switch.
[ERROR] Re-run Maven using the -X switch to enable full debug logging.
[ERROR]
[ERROR] For more information about the errors and possible solutions, please read the following articles:
[ERROR] [Help 1] http://cwiki.apache.org/confluence/display/MAVEN/MojoExecutionException

C:\Users\123\spring-projects\sfg-dental-clinic>mvn release:perform
[INFO] Scanning for projects...
[INFO] ------------------------------------------------------------------------
[INFO] Reactor Build Order:
[INFO]
[INFO] sfg-dental-clinic                                                  [pom]
[INFO] dental-clinic-data                                                 [jar]
[INFO] dental-clinic-web                                                  [jar]
[INFO]
[INFO] -------------------< com.stpunk47:sfg-dental-clinic >-------------------
[INFO] Building sfg-dental-clinic 0.0.2-SNAPSHOT                          [1/3]
[INFO] --------------------------------[ pom ]---------------------------------
[INFO]
[INFO] --- maven-release-plugin:2.2.2:perform (default-cli) @ sfg-dental-clinic ---
[INFO] Checking out the project to perform the release ...
[INFO] Executing: cmd.exe /X /C "git clone git@github.com:volskyi-dmytro/sfg-dental-clinic.git C:\Users\123\spring-projects\sfg-dental-clinic\target\checkout"

[INFO] Working directory: C:\Users\123\spring-projects\sfg-dental-clinic\target
[INFO] Executing: cmd.exe /X /C "git ls-remote git@github.com:volskyi-dmytro/sfg-dental-clinic.git"
[INFO] Working directory: C:\Users\123\AppData\Local\Temp
[INFO] Executing: cmd.exe /X /C "git fetch git@github.com:volskyi-dmytro/sfg-dental-clinic.git"
[INFO] Working directory: C:\Users\123\spring-projects\sfg-dental-clinic\target\checkout
[INFO] Executing: cmd.exe /X /C "git checkout sfg-dental-clinic-0.0.1"
[INFO] Working directory: C:\Users\123\spring-projects\sfg-dental-clinic\target\checkout
[INFO] Executing: cmd.exe /X /C "git ls-files"
[INFO] Working directory: C:\Users\123\spring-projects\sfg-dental-clinic\target\checkout
[INFO] Invoking perform goals in directory C:\Users\123\spring-projects\sfg-dental-clinic\target\checkout
[INFO] Executing goals 'install'...
[WARNING] Maven will be executed in interactive mode, but no input stream has been configured for this MavenInvoker instance.
[INFO] [INFO] Scanning for projects...
[INFO] [INFO] ------------------------------------------------------------------------
[INFO] [INFO] Reactor Build Order:
[INFO] [INFO]
[INFO] [INFO] sfg-dental-clinic                                                  [pom]
[INFO] [INFO] dental-clinic-data                                                 [jar]
[INFO] [INFO] dental-clinic-web                                                  [jar]
[INFO] [INFO]
[INFO] [INFO] -------------------< com.stpunk47:sfg-dental-clinic >-------------------
[INFO] [INFO] Building sfg-dental-clinic 0.0.1-SNAPSHOT                          [1/3]
[INFO] [INFO] --------------------------------[ pom ]---------------------------------
[INFO] [INFO]
[INFO] [INFO] --- maven-source-plugin:3.1.0:jar-no-fork (attach-sources) @ sfg-dental-clinic ---
[INFO] [INFO]
[INFO] [INFO] --- maven-javadoc-plugin:3.1.1:jar (attach-javadocs) @ sfg-dental-clinic ---
[INFO] [INFO] Not executing Javadoc as the project is not a Java classpath-capable package
[INFO] [INFO]
[INFO] [INFO] --- maven-install-plugin:2.5.2:install (default-install) @ sfg-dental-clinic ---
[INFO] [INFO] Installing C:\Users\123\spring-projects\sfg-dental-clinic\target\checkout\pom.xml to C:\Users\123\.m2\repository\com\stpunk47\sfg-dental-clinic\
0.0.1-SNAPSHOT\sfg-dental-clinic-0.0.1-SNAPSHOT.pom
[INFO] [INFO]
[INFO] [INFO] ------------------< com.stpunk47:dental-clinic-data >-------------------
[INFO] [INFO] Building dental-clinic-data 0.0.1-SNAPSHOT                         [2/3]
[INFO] [INFO] --------------------------------[ jar ]---------------------------------
[INFO] [INFO]
[INFO] [INFO] --- maven-resources-plugin:3.1.0:resources (default-resources) @ dental-clinic-data ---
[INFO] [INFO] Using 'UTF-8' encoding to copy filtered resources.
[INFO] [INFO] skip non existing resourceDirectory C:\Users\123\spring-projects\sfg-dental-clinic\target\checkout\dental-clinic-data\src\main\resources
[INFO] [INFO] skip non existing resourceDirectory C:\Users\123\spring-projects\sfg-dental-clinic\target\checkout\dental-clinic-data\src\main\resources
[INFO] [INFO]
[INFO] [INFO] --- maven-compiler-plugin:3.8.1:compile (default-compile) @ dental-clinic-data ---
[INFO] [INFO] Changes detected - recompiling the module!
[INFO] [INFO] Compiling 5 source files to C:\Users\123\spring-projects\sfg-dental-clinic\target\checkout\dental-clinic-data\target\classes
[INFO] [INFO]
[INFO] [INFO] --- maven-resources-plugin:3.1.0:testResources (default-testResources) @ dental-clinic-data ---
[INFO] [INFO] Using 'UTF-8' encoding to copy filtered resources.
[INFO] [INFO] skip non existing resourceDirectory C:\Users\123\spring-projects\sfg-dental-clinic\target\checkout\dental-clinic-data\src\test\resources
[INFO] [INFO]
[INFO] [INFO] --- maven-compiler-plugin:3.8.1:testCompile (default-testCompile) @ dental-clinic-data ---
[INFO] [INFO] No sources to compile
[INFO] [INFO]
[INFO] [INFO] --- maven-surefire-plugin:2.22.2:test (default-test) @ dental-clinic-data ---
[INFO] [INFO] No tests to run.
[INFO] [INFO]
[INFO] [INFO] --- maven-jar-plugin:3.1.2:jar (default-jar) @ dental-clinic-data ---
[INFO] [INFO] Building jar: C:\Users\123\spring-projects\sfg-dental-clinic\target\checkout\dental-clinic-data\target\dental-clinic-data-0.0.1-SNAPSHOT.jar
[INFO] [INFO]
[INFO] [INFO] --- maven-source-plugin:3.1.0:jar-no-fork (attach-sources) @ dental-clinic-data ---
[INFO] [INFO] Building jar: C:\Users\123\spring-projects\sfg-dental-clinic\target\checkout\dental-clinic-data\target\dental-clinic-data-0.0.1-SNAPSHOT-sources
.jar
[INFO] [INFO]
[INFO] [INFO] --- maven-javadoc-plugin:3.1.1:jar (attach-javadocs) @ dental-clinic-data ---
[INFO] [INFO]
[INFO] Loading source files for package com.stpunk47.sfgdentalclinic.model...
[INFO] Constructing Javadoc information...
[INFO] Standard Doclet version 11.0.1
[INFO] Building tree for all the packages and classes...
[INFO] Generating C:\Users\123\spring-projects\sfg-dental-clinic\target\checkout\dental-clinic-data\target\apidocs\com\stpunk47\sfgdentalclinic\model\Company.
html...
[INFO] Generating C:\Users\123\spring-projects\sfg-dental-clinic\target\checkout\dental-clinic-data\target\apidocs\com\stpunk47\sfgdentalclinic\model\Dentist.
html...
[INFO] Generating C:\Users\123\spring-projects\sfg-dental-clinic\target\checkout\dental-clinic-data\target\apidocs\com\stpunk47\sfgdentalclinic\model\Departme
nt.html...
[INFO] Generating C:\Users\123\spring-projects\sfg-dental-clinic\target\checkout\dental-clinic-data\target\apidocs\com\stpunk47\sfgdentalclinic\model\Person.h
tml...
[INFO] Generating C:\Users\123\spring-projects\sfg-dental-clinic\target\checkout\dental-clinic-data\target\apidocs\com\stpunk47\sfgdentalclinic\model\Worker.h
tml...
[INFO] Generating C:\Users\123\spring-projects\sfg-dental-clinic\target\checkout\dental-clinic-data\target\apidocs\com\stpunk47\sfgdentalclinic\model\package-
summary.html...
[INFO] Generating C:\Users\123\spring-projects\sfg-dental-clinic\target\checkout\dental-clinic-data\target\apidocs\com\stpunk47\sfgdentalclinic\model\package-
tree.html...
[INFO] Generating C:\Users\123\spring-projects\sfg-dental-clinic\target\checkout\dental-clinic-data\target\apidocs\constant-values.html...
[INFO] Generating C:\Users\123\spring-projects\sfg-dental-clinic\target\checkout\dental-clinic-data\target\apidocs\com\stpunk47\sfgdentalclinic\model\class-us
e\Company.html...
[INFO] Generating C:\Users\123\spring-projects\sfg-dental-clinic\target\checkout\dental-clinic-data\target\apidocs\com\stpunk47\sfgdentalclinic\model\class-us
e\Dentist.html...
[INFO] Generating C:\Users\123\spring-projects\sfg-dental-clinic\target\checkout\dental-clinic-data\target\apidocs\com\stpunk47\sfgdentalclinic\model\class-us
e\Department.html...
[INFO] Generating C:\Users\123\spring-projects\sfg-dental-clinic\target\checkout\dental-clinic-data\target\apidocs\com\stpunk47\sfgdentalclinic\model\class-us
e\Person.html...
[INFO] Generating C:\Users\123\spring-projects\sfg-dental-clinic\target\checkout\dental-clinic-data\target\apidocs\com\stpunk47\sfgdentalclinic\model\class-us
e\Worker.html...
[INFO] Generating C:\Users\123\spring-projects\sfg-dental-clinic\target\checkout\dental-clinic-data\target\apidocs\com\stpunk47\sfgdentalclinic\model\package-
use.html...
[INFO] Building index for all the packages and classes...
[INFO] Generating C:\Users\123\spring-projects\sfg-dental-clinic\target\checkout\dental-clinic-data\target\apidocs\overview-tree.html...
[INFO] Generating C:\Users\123\spring-projects\sfg-dental-clinic\target\checkout\dental-clinic-data\target\apidocs\index-all.html...
[INFO] Building index for all classes...
[INFO] Generating C:\Users\123\spring-projects\sfg-dental-clinic\target\checkout\dental-clinic-data\target\apidocs\allclasses-index.html...
[INFO] Generating C:\Users\123\spring-projects\sfg-dental-clinic\target\checkout\dental-clinic-data\target\apidocs\allpackages-index.html...
[INFO] Generating C:\Users\123\spring-projects\sfg-dental-clinic\target\checkout\dental-clinic-data\target\apidocs\deprecated-list.html...
[INFO] Building index for all classes...
[INFO] Generating C:\Users\123\spring-projects\sfg-dental-clinic\target\checkout\dental-clinic-data\target\apidocs\allclasses.html...
[INFO] Generating C:\Users\123\spring-projects\sfg-dental-clinic\target\checkout\dental-clinic-data\target\apidocs\allclasses.html...
[INFO] Generating C:\Users\123\spring-projects\sfg-dental-clinic\target\checkout\dental-clinic-data\target\apidocs\index.html...
[INFO] Generating C:\Users\123\spring-projects\sfg-dental-clinic\target\checkout\dental-clinic-data\target\apidocs\help-doc.html...
[INFO] [INFO] Building jar: C:\Users\123\spring-projects\sfg-dental-clinic\target\checkout\dental-clinic-data\target\dental-clinic-data-0.0.1-SNAPSHOT-javadoc
.jar
[INFO] [INFO]
[INFO] [INFO] --- maven-install-plugin:2.5.2:install (default-install) @ dental-clinic-data ---
[INFO] [INFO] Installing C:\Users\123\spring-projects\sfg-dental-clinic\target\checkout\dental-clinic-data\target\dental-clinic-data-0.0.1-SNAPSHOT.jar to C:\
Users\123\.m2\repository\com\stpunk47\dental-clinic-data\0.0.1-SNAPSHOT\dental-clinic-data-0.0.1-SNAPSHOT.jar
[INFO] [INFO] Installing C:\Users\123\spring-projects\sfg-dental-clinic\target\checkout\dental-clinic-data\pom.xml to C:\Users\123\.m2\repository\com\stpunk47
\dental-clinic-data\0.0.1-SNAPSHOT\dental-clinic-data-0.0.1-SNAPSHOT.pom
[INFO] [INFO] Installing C:\Users\123\spring-projects\sfg-dental-clinic\target\checkout\dental-clinic-data\target\dental-clinic-data-0.0.1-SNAPSHOT-sources.ja
r to C:\Users\123\.m2\repository\com\stpunk47\dental-clinic-data\0.0.1-SNAPSHOT\dental-clinic-data-0.0.1-SNAPSHOT-sources.jar
[INFO] [INFO] Installing C:\Users\123\spring-projects\sfg-dental-clinic\target\checkout\dental-clinic-data\target\dental-clinic-data-0.0.1-SNAPSHOT-javadoc.ja
r to C:\Users\123\.m2\repository\com\stpunk47\dental-clinic-data\0.0.1-SNAPSHOT\dental-clinic-data-0.0.1-SNAPSHOT-javadoc.jar
[INFO] [INFO]
[INFO] [INFO] -------------------< com.stpunk47:dental-clinic-web >-------------------
[INFO] [INFO] Building dental-clinic-web 0.0.1-SNAPSHOT                          [3/3]
[INFO] [INFO] --------------------------------[ jar ]---------------------------------
[INFO] [INFO]
[INFO] [INFO] --- maven-resources-plugin:3.1.0:resources (default-resources) @ dental-clinic-web ---
[INFO] [INFO] Using 'UTF-8' encoding to copy filtered resources.
[INFO] [INFO] Copying 1 resource
[INFO] [INFO] Copying 0 resource
[INFO] [INFO]
[INFO] [INFO] --- maven-compiler-plugin:3.8.1:compile (default-compile) @ dental-clinic-web ---
[INFO] [INFO] Changes detected - recompiling the module!
[INFO] [INFO] Compiling 1 source file to C:\Users\123\spring-projects\sfg-dental-clinic\target\checkout\dental-clinic-web\target\classes
[INFO] [INFO]
[INFO] [INFO] --- maven-resources-plugin:3.1.0:testResources (default-testResources) @ dental-clinic-web ---
[INFO] [INFO] Using 'UTF-8' encoding to copy filtered resources.
[INFO] [INFO] skip non existing resourceDirectory C:\Users\123\spring-projects\sfg-dental-clinic\target\checkout\dental-clinic-web\src\test\resources
[INFO] [INFO]
[INFO] [INFO] --- maven-compiler-plugin:3.8.1:testCompile (default-testCompile) @ dental-clinic-web ---
[INFO] [INFO] Changes detected - recompiling the module!
[INFO] [INFO] Compiling 1 source file to C:\Users\123\spring-projects\sfg-dental-clinic\target\checkout\dental-clinic-web\target\test-classes
[INFO] [INFO]
[INFO] [INFO] --- maven-surefire-plugin:2.22.2:test (default-test) @ dental-clinic-web ---
[INFO] [INFO]
[INFO] [INFO] -------------------------------------------------------
[INFO] [INFO]  T E S T S
[INFO] [INFO] -------------------------------------------------------
[INFO] [INFO] Running sfgdentalclinic.SfgDentalClinicApplicationTests
[INFO] 00:27:24.118 [main] DEBUG org.springframework.test.context.BootstrapUtils - Instantiating CacheAwareContextLoaderDelegate from class [org.springframewo
rk.test.context.cache.DefaultCacheAwareContextLoaderDelegate]
[INFO] 00:27:24.162 [main] DEBUG org.springframework.test.context.BootstrapUtils - Instantiating BootstrapContext using constructor [public org.springframewor
k.test.context.support.DefaultBootstrapContext(java.lang.Class,org.springframework.test.context.CacheAwareContextLoaderDelegate)]
[INFO] 00:27:24.250 [main] DEBUG org.springframework.test.context.BootstrapUtils - Instantiating TestContextBootstrapper for test class [sfgdentalclinic.SfgDe
ntalClinicApplicationTests] from class [org.springframework.boot.test.context.SpringBootTestContextBootstrapper]
[INFO] 00:27:24.294 [main] INFO org.springframework.boot.test.context.SpringBootTestContextBootstrapper - Neither @ContextConfiguration nor @ContextHierarchy
found for test class [sfgdentalclinic.SfgDentalClinicApplicationTests], using SpringBootContextLoader
[INFO] 00:27:24.316 [main] DEBUG org.springframework.test.context.support.AbstractContextLoader - Did not detect default resource location for test class [sfg
dentalclinic.SfgDentalClinicApplicationTests]: class path resource [sfgdentalclinic/SfgDentalClinicApplicationTests-context.xml] does not exist
[INFO] 00:27:24.317 [main] DEBUG org.springframework.test.context.support.AbstractContextLoader - Did not detect default resource location for test class [sfg
dentalclinic.SfgDentalClinicApplicationTests]: class path resource [sfgdentalclinic/SfgDentalClinicApplicationTestsContext.groovy] does not exist
[INFO] 00:27:24.317 [main] INFO org.springframework.test.context.support.AbstractContextLoader - Could not detect default resource locations for test class [s
fgdentalclinic.SfgDentalClinicApplicationTests]: no resource found for suffixes {-context.xml, Context.groovy}.
[INFO] 00:27:24.319 [main] INFO org.springframework.test.context.support.AnnotationConfigContextLoaderUtils - Could not detect default configuration classes f
or test class [sfgdentalclinic.SfgDentalClinicApplicationTests]: SfgDentalClinicApplicationTests does not declare any static, non-private, non-final, nested c
lasses annotated with @Configuration.
[INFO] 00:27:24.537 [main] DEBUG org.springframework.test.context.support.ActiveProfilesUtils - Could not find an 'annotation declaring class' for annotation
type [org.springframework.test.context.ActiveProfiles] and class [sfgdentalclinic.SfgDentalClinicApplicationTests]
[INFO] 00:27:24.761 [main] DEBUG org.springframework.test.context.BootstrapUtils - Instantiating CacheAwareContextLoaderDelegate from class [org.springframewo
rk.test.context.cache.DefaultCacheAwareContextLoaderDelegate]
[INFO] 00:27:24.761 [main] DEBUG org.springframework.test.context.BootstrapUtils - Instantiating BootstrapContext using constructor [public org.springframewor
k.test.context.support.DefaultBootstrapContext(java.lang.Class,org.springframework.test.context.CacheAwareContextLoaderDelegate)]
[INFO] 00:27:24.762 [main] DEBUG org.springframework.test.context.BootstrapUtils - Instantiating TestContextBootstrapper for test class [sfgdentalclinic.SfgDe
ntalClinicApplicationTests] from class [org.springframework.boot.test.context.SpringBootTestContextBootstrapper]
[INFO] 00:27:24.763 [main] INFO org.springframework.boot.test.context.SpringBootTestContextBootstrapper - Neither @ContextConfiguration nor @ContextHierarchy
found for test class [sfgdentalclinic.SfgDentalClinicApplicationTests], using SpringBootContextLoader
[INFO] 00:27:24.765 [main] DEBUG org.springframework.test.context.support.AbstractContextLoader - Did not detect default resource location for test class [sfg
dentalclinic.SfgDentalClinicApplicationTests]: class path resource [sfgdentalclinic/SfgDentalClinicApplicationTests-context.xml] does not exist
[INFO] 00:27:24.766 [main] DEBUG org.springframework.test.context.support.AbstractContextLoader - Did not detect default resource location for test class [sfg
dentalclinic.SfgDentalClinicApplicationTests]: class path resource [sfgdentalclinic/SfgDentalClinicApplicationTestsContext.groovy] does not exist
[INFO] 00:27:24.766 [main] INFO org.springframework.test.context.support.AbstractContextLoader - Could not detect default resource locations for test class [s
fgdentalclinic.SfgDentalClinicApplicationTests]: no resource found for suffixes {-context.xml, Context.groovy}.
[INFO] 00:27:24.766 [main] INFO org.springframework.test.context.support.AnnotationConfigContextLoaderUtils - Could not detect default configuration classes f
or test class [sfgdentalclinic.SfgDentalClinicApplicationTests]: SfgDentalClinicApplicationTests does not declare any static, non-private, non-final, nested c
lasses annotated with @Configuration.
[INFO] 00:27:24.770 [main] DEBUG org.springframework.test.context.support.ActiveProfilesUtils - Could not find an 'annotation declaring class' for annotation
type [org.springframework.test.context.ActiveProfiles] and class [sfgdentalclinic.SfgDentalClinicApplicationTests]
[INFO] 00:27:24.777 [main] DEBUG org.springframework.test.context.BootstrapUtils - Instantiating CacheAwareContextLoaderDelegate from class [org.springframewo
rk.test.context.cache.DefaultCacheAwareContextLoaderDelegate]
[INFO] 00:27:24.778 [main] DEBUG org.springframework.test.context.BootstrapUtils - Instantiating BootstrapContext using constructor [public org.springframewor
k.test.context.support.DefaultBootstrapContext(java.lang.Class,org.springframework.test.context.CacheAwareContextLoaderDelegate)]
[INFO] 00:27:24.779 [main] DEBUG org.springframework.test.context.BootstrapUtils - Instantiating TestContextBootstrapper for test class [sfgdentalclinic.SfgDe
ntalClinicApplicationTests] from class [org.springframework.boot.test.context.SpringBootTestContextBootstrapper]
[INFO] 00:27:24.781 [main] INFO org.springframework.boot.test.context.SpringBootTestContextBootstrapper - Neither @ContextConfiguration nor @ContextHierarchy
found for test class [sfgdentalclinic.SfgDentalClinicApplicationTests], using SpringBootContextLoader
[INFO] 00:27:24.783 [main] DEBUG org.springframework.test.context.support.AbstractContextLoader - Did not detect default resource location for test class [sfg
dentalclinic.SfgDentalClinicApplicationTests]: class path resource [sfgdentalclinic/SfgDentalClinicApplicationTests-context.xml] does not exist
[INFO] 00:27:24.785 [main] DEBUG org.springframework.test.context.support.AbstractContextLoader - Did not detect default resource location for test class [sfg
dentalclinic.SfgDentalClinicApplicationTests]: class path resource [sfgdentalclinic/SfgDentalClinicApplicationTestsContext.groovy] does not exist
[INFO] 00:27:24.787 [main] INFO org.springframework.test.context.support.AbstractContextLoader - Could not detect default resource locations for test class [s
fgdentalclinic.SfgDentalClinicApplicationTests]: no resource found for suffixes {-context.xml, Context.groovy}.
[INFO] 00:27:24.789 [main] INFO org.springframework.test.context.support.AnnotationConfigContextLoaderUtils - Could not detect default configuration classes f
or test class [sfgdentalclinic.SfgDentalClinicApplicationTests]: SfgDentalClinicApplicationTests does not declare any static, non-private, non-final, nested c
lasses annotated with @Configuration.
[INFO] 00:27:24.796 [main] DEBUG org.springframework.test.context.support.ActiveProfilesUtils - Could not find an 'annotation declaring class' for annotation
type [org.springframework.test.context.ActiveProfiles] and class [sfgdentalclinic.SfgDentalClinicApplicationTests]
[INFO] [ERROR] Tests run: 1, Failures: 0, Errors: 1, Skipped: 0, Time elapsed: 0.942 s <<< FAILURE! - in sfgdentalclinic.SfgDentalClinicApplicationTests
[INFO] [ERROR] sfgdentalclinic.SfgDentalClinicApplicationTests  Time elapsed: 0.94 s  <<< ERROR!
[INFO] java.lang.IllegalStateException: Unable to find a @SpringBootConfiguration, you need to use @ContextConfiguration or @SpringBootTest(classes=...) with
your test
[INFO]
[INFO] [INFO]
[INFO] [INFO] Results:
[INFO] [INFO]
[INFO] [ERROR] Errors:
[INFO] [ERROR]   SfgDentalClinicApplicationTests ? IllegalState Unable to find a @SpringBootCon...
[INFO] [INFO]
[INFO] [ERROR] Tests run: 1, Failures: 0, Errors: 1, Skipped: 0
[INFO] [INFO]
[INFO] [INFO] ------------------------------------------------------------------------
[INFO] [INFO] Reactor Summary for sfg-dental-clinic 0.0.1-SNAPSHOT:
[INFO] [INFO]
[INFO] [INFO] sfg-dental-clinic .................................. SUCCESS [  3.400 s]
[INFO] [INFO] dental-clinic-data ................................. SUCCESS [ 11.629 s]
[INFO] [INFO] dental-clinic-web .................................. FAILURE [  8.248 s]
[INFO] [INFO] ------------------------------------------------------------------------
[INFO] [INFO] BUILD FAILURE
[INFO] [INFO] ------------------------------------------------------------------------
[INFO] [INFO] Total time:  23.813 s
[INFO] [INFO] Finished at: 2020-03-30T00:27:25+03:00
[INFO] [INFO] ------------------------------------------------------------------------
[INFO] [ERROR] Failed to execute goal org.apache.maven.plugins:maven-surefire-plugin:2.22.2:test (default-test) on project dental-clinic-web: There are test f
ailures.
[INFO] [ERROR]
[INFO] [ERROR] Please refer to C:\Users\123\spring-projects\sfg-dental-clinic\target\checkout\dental-clinic-web\target\surefire-reports for the individual tes
t results.
[INFO] [ERROR] Please refer to dump files (if any exist) [date].dump, [date]-jvmRun[N].dump and [date].dumpstream.
[INFO] [ERROR] -> [Help 1]
[INFO] [ERROR]
[INFO] [ERROR] To see the full stack trace of the errors, re-run Maven with the -e switch.
[INFO] [ERROR] Re-run Maven using the -X switch to enable full debug logging.
[INFO] [ERROR]
[INFO] [ERROR] For more information about the errors and possible solutions, please read the following articles:
[INFO] [ERROR] [Help 1] http://cwiki.apache.org/confluence/display/MAVEN/MojoFailureException
[INFO] [ERROR]
[INFO] [ERROR] After correcting the problems, you can resume the build with the command
[INFO] [ERROR]   mvn <args> -rf :dental-clinic-web
[INFO] ------------------------------------------------------------------------
[INFO] Reactor Summary for sfg-dental-clinic 0.0.2-SNAPSHOT:
[INFO]
[INFO] sfg-dental-clinic .................................. FAILURE [ 36.107 s]
[INFO] dental-clinic-data ................................. SKIPPED
[INFO] dental-clinic-web .................................. SKIPPED
[INFO] ------------------------------------------------------------------------
[INFO] BUILD FAILURE
[INFO] ------------------------------------------------------------------------
[INFO] Total time:  36.948 s
[INFO] Finished at: 2020-03-30T00:27:25+03:00
[INFO] ------------------------------------------------------------------------
[ERROR] Failed to execute goal org.apache.maven.plugins:maven-release-plugin:2.2.2:perform (default-cli) on project sfg-dental-clinic: Maven execution failed,
 exit code: '1' -> [Help 1]
[ERROR]
[ERROR] To see the full stack trace of the errors, re-run Maven with the -e switch.
[ERROR] Re-run Maven using the -X switch to enable full debug logging.
[ERROR]
[ERROR] For more information about the errors and possible solutions, please read the following articles:
[ERROR] [Help 1] http://cwiki.apache.org/confluence/display/MAVEN/MojoExecutionException
